Log file open, 09/03/18 23:59:58
LogWindows: Failed to load 'aqProf.dll' (GetLastError=126)
LogWindows: File 'aqProf.dll' does not exist
LogWindows: Failed to load 'VSPerf140.dll' (GetLastError=126)
LogWindows: File 'VSPerf140.dll' does not exist
LogWindows: Failed to load 'VtuneApi.dll' (GetLastError=126)
LogWindows: File 'VtuneApi.dll' does not exist
LogWindows: Failed to load 'VtuneApi32e.dll' (GetLastError=126)
LogWindows: File 'VtuneApi32e.dll' does not exist
LogInit: Display: Running engine for game: DigiDashers
LogPlatformFile: Not using cached read wrapper
LogTaskGraph: Started task graph with 5 named threads and 23 total threads with 3 sets of task threads.
LogStats: Stats thread started at 0.271198
LogD3D11RHI: Loaded GFSDK_Aftermath_Lib.x64.dll
LogICUInternationalization: Display: ICU TimeZone Detection - Raw Offset: +0:00, Platform Override: ''
LogPluginManager: Mounting plugin Paper2D
LogPluginManager: Mounting plugin AISupport
LogPluginManager: Mounting plugin LightPropagationVolume
LogPluginManager: Mounting plugin CLionSourceCodeAccess
LogPluginManager: Mounting plugin CodeLiteSourceCodeAccess
LogPluginManager: Mounting plugin GitSourceControl
LogPluginManager: Mounting plugin KDevelopSourceCodeAccess
LogPluginManager: Mounting plugin NullSourceCodeAccess
LogPluginManager: Mounting plugin PerforceSourceControl
LogPluginManager: Mounting plugin SubversionSourceControl
LogPluginManager: Mounting plugin UObjectPlugin
LogPluginManager: Mounting plugin VisualStudioCodeSourceCodeAccess
LogPluginManager: Mounting plugin VisualStudioSourceCodeAccess
LogPluginManager: Mounting plugin XCodeSourceCodeAccess
LogPluginManager: Mounting plugin AssetManagerEditor
LogPluginManager: Mounting plugin CryptoKeys
LogPluginManager: Mounting plugin DataValidation
LogPluginManager: Mounting plugin FacialAnimation
LogPluginManager: Mounting plugin GameplayTagsEditor
LogPluginManager: Mounting plugin MacGraphicsSwitching
LogPluginManager: Mounting plugin MeshEditor
LogPluginManager: Mounting plugin MobileLauncherProfileWizard
LogPluginManager: Mounting plugin PluginBrowser
LogPluginManager: Mounting plugin SpeedTreeImporter
LogPluginManager: Mounting plugin DatasmithContent
LogPluginManager: Mounting plugin AlembicImporter
LogPluginManager: Mounting plugin AppleImageUtils
LogPluginManager: Mounting plugin AppleVision
LogPluginManager: Mounting plugin BackChannel
LogPluginManager: Mounting plugin CharacterAI
LogPluginManager: Mounting plugin GeometryCache
LogPluginManager: Mounting plugin HTML5Networking
LogPluginManager: Mounting plugin ProxyLODPlugin
LogPluginManager: Mounting plugin MagicLeap
LogPluginManager: Mounting plugin MagicLeapEmulator
LogPluginManager: Mounting plugin MagicLeapMedia
LogPluginManager: Mounting plugin AndroidMedia
LogPluginManager: Mounting plugin AvfMedia
LogPluginManager: Mounting plugin ImgMedia
LogPluginManager: Mounting plugin LinearTimecode
LogPluginManager: Mounting plugin MediaCompositing
LogPluginManager: Mounting plugin MediaPlayerEditor
LogPluginManager: Mounting plugin WmfMedia
LogPluginManager: Mounting plugin TcpMessaging
LogPluginManager: Mounting plugin UdpMessaging
LogPluginManager: Mounting plugin ActorSequence
LogPluginManager: Mounting plugin LevelSequenceEditor
LogPluginManager: Mounting plugin MatineeToLevelSequence
LogPluginManager: Mounting plugin NetcodeUnitTest
LogPluginManager: Mounting plugin NUTUnrealEngine4
LogPluginManager: Mounting plugin OnlineSubsystemGooglePlay
LogPluginManager: Mounting plugin OnlineSubsystemIOS
LogPluginManager: Mounting plugin OnlineSubsystem
LogPluginManager: Mounting plugin OnlineSubsystemNull
LogPluginManager: Mounting plugin OnlineSubsystemUtils
LogPluginManager: Mounting plugin LauncherChunkInstaller
LogPluginManager: Mounting plugin AndroidDeviceProfileSelector
LogPluginManager: Mounting plugin AndroidMoviePlayer
LogPluginManager: Mounting plugin AndroidPermission
LogPluginManager: Mounting plugin AppleMoviePlayer
LogPluginManager: Mounting plugin ArchVisCharacter
LogPluginManager: Mounting plugin AudioCapture
LogPluginManager: Mounting plugin CableComponent
LogPluginManager: Mounting plugin CustomMeshComponent
LogPluginManager: Mounting plugin EditableMesh
LogPluginManager: Mounting plugin ExampleDeviceProfileSelector
LogPluginManager: Mounting plugin GoogleCloudMessaging
LogPluginManager: Mounting plugin ImmediatePhysics
LogPluginManager: Mounting plugin IOSDeviceProfileSelector
LogPluginManager: Mounting plugin LinuxDeviceProfileSelector
LogPluginManager: Mounting plugin LocationServicesBPLibrary
LogPluginManager: Mounting plugin MobilePatchingUtils
LogPluginManager: Mounting plugin OculusVR
LogPluginManager: Plugin shader directory ../../../Engine/Plugins/Runtime/Oculus/OculusVR/Shaders found
LogPluginManager: Mapping shader source directory ../../../Engine/Plugins/Runtime/Oculus/OculusVR/Shaders to virtual directory /Plugin/OculusVR
LogPluginManager: Mounting plugin PhysXVehicles
LogPluginManager: Mounting plugin ProceduralMeshComponent
LogPluginManager: Mounting plugin RuntimePhysXCooking
LogPluginManager: Mounting plugin SteamVR
LogPluginManager: Mounting plugin WindowsMoviePlayer
LogStreaming: Display: Took  0.090s to configure plugins.
LogInit: Using libcurl 7.55.1-DEV
LogInit:  - built for x86_64-pc-win32
LogInit:  - supports SSL with OpenSSL/1.0.2h
LogInit:  - supports HTTP deflate (compression) using libz 1.2.8
LogInit:  - other features:
LogInit:      CURL_VERSION_SSL
LogInit:      CURL_VERSION_LIBZ
LogInit:      CURL_VERSION_IPV6
LogInit:      CURL_VERSION_ASYNCHDNS
LogInit:      CURL_VERSION_LARGEFILE
LogInit:      CURL_VERSION_IDN
LogInit:  CurlRequestOptions (configurable via config and command line):
LogInit:  - bVerifyPeer = false  - Libcurl will NOT verify peer certificate
LogInit:  - bUseHttpProxy = false  - Libcurl will NOT use HTTP proxy
LogInit:  - bDontReuseConnections = false  - Libcurl will reuse connections
LogInit:  - CertBundlePath = nullptr  - Libcurl will use whatever was configured at build time.
LogInit:  - MaxHostConnections = 16  - Libcurl will limit the number of connections to a host
LogInit:  - LocalHostAddr = Default
LogInit:  - BufferSize = 65536
LogInit: WinSock: version 1.1 (2.2), MaxSocks=32767, MaxUdp=65467
LogHMD: Failed initializing OVRPlugin 1.25.0
LogInit: Build: ++UE4+Release-4.20-CL-4302132
LogInit: Engine Version: 4.20.2-4302132+++UE4+Release-4.20
LogInit: Compatible Engine Version: 4.20.0-4212847+++UE4+Release-4.20
LogInit: Net CL: 4212847
LogInit: OS: Windows 10 (), CPU: Intel(R) Core(TM) i7-7700K CPU @ 4.20GHz, GPU: NVIDIA GeForce GTX 1080
LogInit: Compiled (64-bit): Aug 21 2018 02:06:06
LogInit: Compiled with Visual C++: 19.13.26129.00
LogInit: Build Configuration: Development
LogInit: Branch Name: ++UE4+Release-4.20
LogInit: Command Line: -EpicPortal 
LogInit: Base Directory: G:/Epic Games/UE_4.20/Engine/Binaries/Win64/
LogInit: Installed Engine Build: 1
LogDevObjectVersion: Number of dev versions registered: 20
LogDevObjectVersion:   Dev-Blueprints (B0D832E4-1F89-4F0D-ACCF-7EB736FD4AA2): 10
LogDevObjectVersion:   Dev-Build (E1C64328-A22C-4D53-A36C-8E866417BD8C): 0
LogDevObjectVersion:   Dev-Core (375EC13C-06E4-48FB-B500-84F0262A717E): 2
LogDevObjectVersion:   Dev-Editor (E4B068ED-F494-42E9-A231-DA0B2E46BB41): 24
LogDevObjectVersion:   Dev-Framework (CFFC743F-43B0-4480-9391-14DF171D2073): 34
LogDevObjectVersion:   Dev-Mobile (B02B49B5-BB20-44E9-A304-32B752E40360): 2
LogDevObjectVersion:   Dev-Networking (A4E4105C-59A1-49B5-A7C5-40C4547EDFEE): 0
LogDevObjectVersion:   Dev-Online (39C831C9-5AE6-47DC-9A44-9C173E1C8E7C): 0
LogDevObjectVersion:   Dev-Physics (78F01B33-EBEA-4F98-B9B4-84EACCB95AA2): 0
LogDevObjectVersion:   Dev-Platform (6631380F-2D4D-43E0-8009-CF276956A95A): 0
LogDevObjectVersion:   Dev-Rendering (12F88B9F-8875-4AFC-A67C-D90C383ABD29): 26
LogDevObjectVersion:   Dev-Sequencer (7B5AE74C-D270-4C10-A958-57980B212A5A): 9
LogDevObjectVersion:   Dev-VR (D7296918-1DD6-4BDD-9DE2-64A83CC13884): 2
LogDevObjectVersion:   Dev-LoadTimes (C2A15278-BFE7-4AFE-6C17-90FF531DF755): 1
LogDevObjectVersion:   Private-Geometry (6EACA3D4-40EC-4CC1-B786-8BED09428FC5): 3
LogDevObjectVersion:   Dev-AnimPhys (29E575DD-E0A3-4627-9D10-D276232CDCEA): 17
LogDevObjectVersion:   Dev-ReflectionCapture (6B266CEC-1EC7-4B8F-A30B-E4D90942FC07): 1
LogDevObjectVersion:   Dev-Automation (0DF73D61-A23F-47EA-B727-89E90C41499A): 1
LogDevObjectVersion:   FortniteMain (601D1886-AC64-4F84-AA16-D3DE0DEAC7D6): 12
LogDevObjectVersion:   Dev-Enterprise (9DFFBCD6-494F-0158-E221-12823C92A888): 1
LogStreaming: Display: Took  0.001s to delete old logs.
LogInit: Presizing for max 8388607 objects, including 0 objects not considered by GC, pre-allocating 0 bytes for permanent pool.
LogInit: Object subsystem initialized
[2018.09.03-23.59.59:401][  0]LogInit: Selected Device Profile: [Windows]
[2018.09.03-23.59.59:401][  0]LogInit: Applying CVar settings loaded from the selected device profile: [Windows]
[2018.09.03-23.59.59:413][  0]LogHAL: Display: Platform has ~ 16 GB [17060786176 / 17179869184 / 16], which maps to Larger [LargestMinGB=32, LargerMinGB=12, DefaultMinGB=8, SmallerMinGB=6, SmallestMinGB=0)
[2018.09.03-23.59.59:413][  0]LogInit: Setting Device Profile CVar: [[r.Vulkan.UseRealUBs:1]]
[2018.09.03-23.59.59:413][  0]LogInit: Going up to parent DeviceProfile []
[2018.09.03-23.59.59:413][  0]LogInit: Computer: HJALTI-PC
[2018.09.03-23.59.59:413][  0]LogInit: User: Hjalti
[2018.09.03-23.59.59:413][  0]LogInit: CPU Page size=4096, Cores=4
[2018.09.03-23.59.59:413][  0]LogInit: High frequency timer resolution =4.101564 MHz
[2018.09.03-23.59.59:413][  0]LogMemory: Memory total: Physical=15.9GB (16GB approx)
[2018.09.03-23.59.59:413][  0]LogMemory: Platform Memory Stats for Windows
[2018.09.03-23.59.59:413][  0]LogMemory: Process Physical Memory: 102.76 MB used, 102.76 MB peak
[2018.09.03-23.59.59:414][  0]LogMemory: Process Virtual Memory: 92.90 MB used, 92.90 MB peak
[2018.09.03-23.59.59:414][  0]LogMemory: Physical Memory: 5137.84 MB used,  11132.59 MB free, 16270.43 MB total
[2018.09.03-23.59.59:414][  0]LogMemory: Virtual Memory: 4653.41 MB used,  11132.59 MB free, 134217728.00 MB total
[2018.09.03-23.59.59:435][  0]LogInit: Using OS detected language (en-US).
[2018.09.03-23.59.59:435][  0]LogInit: Using OS detected locale (is-IS).
[2018.09.03-23.59.59:436][  0]LogTextLocalizationManager: No specific localization for 'en-US' exists, so the 'en' localization will be used.
[2018.09.03-23.59.59:709][  0]LogStreaming: Display: Took  0.274s to InitEngineTextLocalization.
[2018.09.03-23.59.59:709][  0]LogInit: Setting process to per monitor DPI aware
[2018.09.03-23.59.59:749][  0]LogSlate: New Slate User Created.  User Index 0, Is Virtual User: 0
[2018.09.03-23.59.59:749][  0]LogSlate: Slate User Registered.  User Index 0, Is Virtual User: 0
[2018.09.03-23.59.59:915][  0]LogHMD: Failed to initialize OpenVR with code 126
[2018.09.03-23.59.59:915][  0]LogD3D11RHI: D3D11 adapters:
[2018.09.03-23.59.59:966][  0]LogD3D11RHI:    0. 'NVIDIA GeForce GTX 1080' (Feature Level 11_0)
[2018.09.03-23.59.59:966][  0]LogD3D11RHI:       8079/0/8135 MB DedicatedVideo/DedicatedSystem/SharedSystem, Outputs:2, VendorId:0x10de
[2018.09.03-23.59.59:977][  0]LogD3D11RHI:    1. 'Intel(R) HD Graphics 630' (Feature Level 11_0)
[2018.09.03-23.59.59:977][  0]LogD3D11RHI:       128/0/8135 MB DedicatedVideo/DedicatedSystem/SharedSystem, Outputs:0, VendorId:0x8086
[2018.09.03-23.59.59:978][  0]LogD3D11RHI:    2. 'Microsoft Basic Render Driver' (Feature Level 11_0)
[2018.09.03-23.59.59:978][  0]LogD3D11RHI:       0/0/8135 MB DedicatedVideo/DedicatedSystem/SharedSystem, Outputs:0, VendorId:0x1414
[2018.09.03-23.59.59:978][  0]LogD3D11RHI: Chosen D3D11 Adapter: 0
[2018.09.03-23.59.59:982][  0]LogD3D11RHI: Creating new Direct3DDevice
[2018.09.03-23.59.59:983][  0]LogD3D11RHI:     GPU DeviceId: 0x1b80 (for the marketing name, search the web for "GPU Device Id")
[2018.09.03-23.59.59:983][  0]LogWindows: EnumDisplayDevices:
[2018.09.03-23.59.59:983][  0]LogWindows:    0. 'NVIDIA GeForce GTX 1080' (P:1 D:1)
[2018.09.03-23.59.59:983][  0]LogWindows:    1. 'NVIDIA GeForce GTX 1080' (P:0 D:1)
[2018.09.03-23.59.59:983][  0]LogWindows:    2. 'NVIDIA GeForce GTX 1080' (P:0 D:0)
[2018.09.03-23.59.59:983][  0]LogWindows:    3. 'NVIDIA GeForce GTX 1080' (P:0 D:0)
[2018.09.03-23.59.59:984][  0]LogWindows:    4. 'Intel(R) HD Graphics 630' (P:0 D:0)
[2018.09.03-23.59.59:984][  0]LogWindows:    5. 'Intel(R) HD Graphics 630' (P:0 D:0)
[2018.09.03-23.59.59:984][  0]LogWindows:    6. 'Intel(R) HD Graphics 630' (P:0 D:0)
[2018.09.03-23.59.59:984][  0]LogWindows: DebugString: PrimaryIsNotTheChoosenAdapter PrimaryIsNotTheChoosenAdapter PrimaryIsNotTheChoosenAdapter FoundDriverCount:4 
[2018.09.03-23.59.59:984][  0]LogD3D11RHI:     Adapter Name: NVIDIA GeForce GTX 1080
[2018.09.03-23.59.59:984][  0]LogD3D11RHI:   Driver Version: 397.64 (internal:24.21.13.9764, unified:397.64)
[2018.09.03-23.59.59:984][  0]LogD3D11RHI:      Driver Date: 5-7-2018
[2018.09.03-23.59.59:984][  0]LogRHI: Texture pool is 5655 MB (70% of 8079 MB)
[2018.09.04-00.00.00:015][  0]LogD3D11RHI: Async texture creation enabled
[2018.09.04-00.00.00:071][  0]LogD3D11RHI: GPU Timing Frequency: 1000.000000 (Debug: 2 2)
[2018.09.04-00.00.00:113][  0]LogShaderCompilers: Guid format shader working directory is -8 characters bigger than the processId version (../../../../../Unreal Projects/DigiDashers/DigiDashers/Intermediate/Shaders/WorkingDirectory/14668/).
[2018.09.04-00.00.00:113][  0]LogShaderCompilers: Cleaned the shader compiler working directory 'C:/Users/Hjalti/AppData/Local/Temp/UnrealShaderWorkingDir/C02AE6B845BD9FD55596B3801FE818FF/'.
[2018.09.04-00.00.00:366][  0]LogTemp: Display: Loaded TP AllDesktopTargetPlatform
[2018.09.04-00.00.00:378][  0]LogTemp: Display: Loaded TP MacClientTargetPlatform
[2018.09.04-00.00.00:389][  0]LogTemp: Display: Loaded TP MacNoEditorTargetPlatform
[2018.09.04-00.00.00:400][  0]LogTemp: Display: Loaded TP MacServerTargetPlatform
[2018.09.04-00.00.00:412][  0]LogTemp: Display: Loaded TP MacTargetPlatform
[2018.09.04-00.00.00:425][  0]LogTemp: Display: Loaded TP WindowsClientTargetPlatform
[2018.09.04-00.00.00:435][  0]LogTemp: Display: Loaded TP WindowsNoEditorTargetPlatform
[2018.09.04-00.00.00:448][  0]LogTemp: Display: Loaded TP WindowsServerTargetPlatform
[2018.09.04-00.00.00:455][  0]LogTemp: Display: Loaded TP WindowsTargetPlatform
[2018.09.04-00.00.00:515][  0]LogTemp: Display: Loaded TP AndroidTargetPlatform
[2018.09.04-00.00.00:515][  0]LogTemp: Display: Loaded TP AndroidTargetPlatform
[2018.09.04-00.00.00:515][  0]LogTemp: Display: Loaded TP AndroidTargetPlatform
[2018.09.04-00.00.00:515][  0]LogTemp: Display: Loaded TP AndroidTargetPlatform
[2018.09.04-00.00.00:515][  0]LogTemp: Display: Loaded TP AndroidTargetPlatform
[2018.09.04-00.00.00:515][  0]LogTemp: Display: Loaded TP AndroidTargetPlatform
[2018.09.04-00.00.00:515][  0]LogTemp: Display: Loaded TP AndroidTargetPlatform
[2018.09.04-00.00.00:515][  0]LogTemp: Display: Loaded TP AndroidTargetPlatform
[2018.09.04-00.00.00:515][  0]LogTemp: Display: Loaded TP AndroidTargetPlatform
[2018.09.04-00.00.00:515][  0]LogTemp: Display: Loaded TP AndroidTargetPlatform
[2018.09.04-00.00.00:515][  0]LogTemp: Display: Loaded TP AndroidTargetPlatform
[2018.09.04-00.00.00:515][  0]LogTemp: Display: Loaded TP AndroidTargetPlatform
[2018.09.04-00.00.00:515][  0]LogTemp: Display: Loaded TP AndroidTargetPlatform
[2018.09.04-00.00.00:515][  0]LogTemp: Display: Loaded TP AndroidTargetPlatform
[2018.09.04-00.00.00:515][  0]LogTemp: Display: Loaded TP AndroidTargetPlatform
[2018.09.04-00.00.00:515][  0]LogTemp: Display: Loaded TP AndroidTargetPlatform
[2018.09.04-00.00.00:515][  0]LogTemp: Display: Loaded TP AndroidTargetPlatform
[2018.09.04-00.00.00:515][  0]LogTemp: Display: Loaded TP AndroidTargetPlatform
[2018.09.04-00.00.00:517][  0]LogTemp: Display: Loaded TP HTML5TargetPlatform
[2018.09.04-00.00.00:574][  0]LogTemp: Display: Loaded TP IOSTargetPlatform
[2018.09.04-00.00.00:574][  0]LogTemp: Display: Loaded TP IOSTargetPlatform
[2018.09.04-00.00.00:591][  0]LogTemp: Display: Loaded TP TVOSTargetPlatform
[2018.09.04-00.00.00:591][  0]LogTemp: Display: Loaded TP TVOSTargetPlatform
[2018.09.04-00.00.00:601][  0]LogTemp: Display: Loaded TP LinuxClientTargetPlatform
[2018.09.04-00.00.00:610][  0]LogTemp: Display: Loaded TP LinuxNoEditorTargetPlatform
[2018.09.04-00.00.00:619][  0]LogTemp: Display: Loaded TP LinuxServerTargetPlatform
[2018.09.04-00.00.00:629][  0]LogTemp: Display: Loaded TP LinuxTargetPlatform
[2018.09.04-00.00.00:636][  0]LogTemp: Display: Loaded TP LuminTargetPlatform
[2018.09.04-00.00.00:636][  0]LogTargetPlatformManager: Display: Building Assets For Windows
[2018.09.04-00.00.00:698][  0]LogXGEController: Cannot use XGE Controller as Incredibuild is not installed on this machine.
[2018.09.04-00.00.00:698][  0]LogShaderCompilers: Cannot use XGE Shader Compiler as Incredibuild is not installed on this machine.
[2018.09.04-00.00.00:698][  0]LogShaderCompilers: Display: Using Local Shader Compiler.
[2018.09.04-00.00.01:184][  0]LogDerivedDataCache: Display: Max Cache Size: 512 MB
[2018.09.04-00.00.01:230][  0]LogDerivedDataCache: Loaded boot cache 0.05s 86MB C:/Users/Hjalti/AppData/Local/UnrealEngine/4.20/DerivedDataCache/Boot.ddc.
[2018.09.04-00.00.01:231][  0]LogDerivedDataCache: Display: Loaded Boot cache: C:/Users/Hjalti/AppData/Local/UnrealEngine/4.20/DerivedDataCache/Boot.ddc
[2018.09.04-00.00.01:231][  0]LogDerivedDataCache: FDerivedDataBackendGraph:  Pak pak cache file ../../../../../Unreal Projects/DigiDashers/DigiDashers/DerivedDataCache/DDC.ddp not found, will not use a pak cache.
[2018.09.04-00.00.01:231][  0]LogDerivedDataCache: Unable to find inner node Pak for hierarchical cache Hierarchy.
[2018.09.04-00.00.01:231][  0]LogDerivedDataCache: FDerivedDataBackendGraph:  CompressedPak pak cache file ../../../../../Unreal Projects/DigiDashers/DigiDashers/DerivedDataCache/Compressed.ddp not found, will not use a pak cache.
[2018.09.04-00.00.01:231][  0]LogDerivedDataCache: Unable to find inner node CompressedPak for hierarchical cache Hierarchy.
[2018.09.04-00.00.01:240][  0]LogDerivedDataCache: Display: Pak cache opened for reading ../../../Engine/DerivedDataCache/Compressed.ddp.
[2018.09.04-00.00.01:253][  0]LogDerivedDataCache: Using Local data cache path C:/Users/Hjalti/AppData/Local/UnrealEngine/Common/DerivedDataCache: Writable
[2018.09.04-00.00.01:253][  0]LogDerivedDataCache: Shared data cache path not found in *engine.ini, will not use an Shared cache.
[2018.09.04-00.00.01:253][  0]LogDerivedDataCache: Unable to find inner node Shared for hierarchical cache Hierarchy.
[2018.09.04-00.00.01:267][  0]LogMaterial: Verifying Global Shaders for PCD3D_SM5
[2018.09.04-00.00.01:268][  0]LogSlate: Using FreeType 2.6.0
[2018.09.04-00.00.01:268][  0]LogSlate: SlateFontServices - WITH_FREETYPE: 1, WITH_HARFBUZZ: 1
[2018.09.04-00.00.01:348][  0]LogAssetRegistry: FAssetRegistry took 0.0243 seconds to start up
[2018.09.04-00.00.01:577][  0]LogInit: Selected Device Profile: [Windows]
[2018.09.04-00.00.01:681][  0]LogSimplygon: Simplygon DLL not present - disabling.
[2018.09.04-00.00.01:685][  0]LogMeshReduction: Using SimplygonSwarm for distributed automatic mesh merging
[2018.09.04-00.00.01:685][  0]LogMeshReduction: Using ProxyLODMeshReduction for automatic mesh merging
[2018.09.04-00.00.01:685][  0]LogMeshReduction: Using QuadricMeshReduction for automatic static mesh reduction
[2018.09.04-00.00.01:685][  0]LogMeshReduction: No automatic skeletal mesh reduction module available
[2018.09.04-00.00.01:703][  0]LogNetVersion: DigiDashers 1.0.0, NetCL: 4212847, EngineNetVer: 5, GameNetVer: 0 (Checksum: 1383490824)
[2018.09.04-00.00.02:097][  0]LogPackageLocalizationCache: Processed 11 localized package path(s) for 2 prioritized culture(s) in 0.084832 seconds
[2018.09.04-00.00.02:102][  0]LogUObjectArray: 38425 objects as part of root set at end of initial load.
[2018.09.04-00.00.02:102][  0]LogUObjectAllocator: 6690864 out of 0 bytes used by permanent object pool.
[2018.09.04-00.00.02:102][  0]LogUObjectArray: CloseDisregardForGC: 0/0 objects in disregard for GC pool
[2018.09.04-00.00.03:169][  0]LogTcpMessaging: Initializing TcpMessaging bridge
[2018.09.04-00.00.03:194][  0]LogUdpMessaging: Initializing bridge on interface 0.0.0.0:0 to multicast group 230.0.0.1:6666.
[2018.09.04-00.00.03:327][  0]SourceControl: Source control is disabled
[2018.09.04-00.00.03:327][  0]SourceControl: Source control is disabled
[2018.09.04-00.00.03:328][  0]SourceControl: Source control is disabled
[2018.09.04-00.00.03:329][  0]SourceControl: Source control is disabled
[2018.09.04-00.00.03:491][  0]LogAndroidPermission: UAndroidPermissionCallbackProxy::GetInstance
[2018.09.04-00.00.03:574][  0]LogOcInput: OculusInput pre-init called
[2018.09.04-00.00.03:624][  0]LogEngine: Initializing Engine...
[2018.09.04-00.00.03:642][  0]LogHMD: Failed to initialize OpenVR with code 126
[2018.09.04-00.00.03:643][  0]LogStats: UGameplayTagsManager::ConstructGameplayTagTree: ImportINI prefixes -  0.000 s
[2018.09.04-00.00.03:643][  0]LogStats: UGameplayTagsManager::ConstructGameplayTagTree: Construct from data asset -  0.000 s
[2018.09.04-00.00.03:643][  0]LogStats: UGameplayTagsManager::ConstructGameplayTagTree: ImportINI -  0.000 s
[2018.09.04-00.00.03:643][  0]LogStats: UGameplayTagsManager::ConstructGameplayTagTree: GameplayTagTreeChangedEvent.Broadcast -  0.000 s
[2018.09.04-00.00.03:793][  0]LogInit: Initializing FReadOnlyCVARCache
[2018.09.04-00.00.03:806][  0]LogAIModule: Creating AISystem for world Untitled
[2018.09.04-00.00.03:851][  0]LogInit: XAudio2 using 'Logitech Speakers (Realtek High Definition Audio)' : 2 channels at 48 kHz using 32 bits per sample (channel mask 0x3)
[2018.09.04-00.00.03:888][  0]LogInit: FAudioDevice initialized.
[2018.09.04-00.00.03:888][  0]LogNetVersion: Set ProjectVersion to 1.0.0.0. Version Checksum will be recalculated on next use.
[2018.09.04-00.00.03:958][  0]LogDerivedDataCache: Saved boot cache 0.07s 86MB C:/Users/Hjalti/AppData/Local/UnrealEngine/4.20/DerivedDataCache/Boot.ddc.
[2018.09.04-00.00.03:961][  0]LogInit: Texture streaming: Enabled
[2018.09.04-00.00.03:978][  0]LogEngineSessionManager: EngineSessionManager initialized
[2018.09.04-00.00.03:991][  0]LogInit: Transaction tracking system initialized
[2018.09.04-00.00.04:014][  0]BlueprintLog: New page: Editor Load
[2018.09.04-00.00.04:100][  0]LocalizationService: Localization service is disabled
[2018.09.04-00.00.04:305][  0]LogCook: Display: Max memory allowance for cook 16384mb min free memory 0mb
[2018.09.04-00.00.04:305][  0]LogCook: Display: Mobile HDR setting 1
[2018.09.04-00.00.04:305][  0]LogGameplayTags: Display: UGameplayTagsManager::DoneAddingNativeTags. DelegateIsBound: 0
[2018.09.04-00.00.04:305][  0]LogStats: UGameplayTagsManager::ConstructGameplayTagTree: ImportINI prefixes -  0.000 s
[2018.09.04-00.00.04:305][  0]LogStats: UGameplayTagsManager::ConstructGameplayTagTree: Construct from data asset -  0.000 s
[2018.09.04-00.00.04:305][  0]LogStats: UGameplayTagsManager::ConstructGameplayTagTree: ImportINI -  0.000 s
[2018.09.04-00.00.04:305][  0]LogStats: UGameplayTagsManager::ConstructGameplayTagTree: GameplayTagTreeChangedEvent.Broadcast -  0.000 s
[2018.09.04-00.00.04:435][  0]LogFileCache: Scanning file cache for directory 'G:/Unreal Projects/DigiDashers/DigiDashers/Content/' took 0.01s
[2018.09.04-00.00.04:435][  0]SourceControl: Source control is disabled
[2018.09.04-00.00.04:435][  0]LogFactory: FactoryCreateFile: PackFactory with PackFactory (0 0 G:/Epic Games/UE_4.20/FeaturePacks/StarterContent.upack)
[2018.09.04-00.00.04:440][  0]LogPackFactory: Finished extracting 8 files (including 0 errors).
[2018.09.04-00.00.04:445][  0]LogPackFactory: Copied "../../../Samples/StarterContent/Content/StarterContent/Architecture/Floor_400x400.uasset" to "../../../../../Unreal Projects/DigiDashers/DigiDashers/Content/StarterContent/Architecture/Floor_400x400.uasset"
[2018.09.04-00.00.04:451][  0]LogPackFactory: Copied "../../../Samples/StarterContent/Content/StarterContent/Architecture/Pillar_50x500.uasset" to "../../../../../Unreal Projects/DigiDashers/DigiDashers/Content/StarterContent/Architecture/Pillar_50x500.uasset"
[2018.09.04-00.00.04:456][  0]LogPackFactory: Copied "../../../Samples/StarterContent/Content/StarterContent/Architecture/SM_AssetPlatform.uasset" to "../../../../../Unreal Projects/DigiDashers/DigiDashers/Content/StarterContent/Architecture/SM_AssetPlatform.uasset"
[2018.09.04-00.00.04:461][  0]LogPackFactory: Copied "../../../Samples/StarterContent/Content/StarterContent/Architecture/Wall_400x200.uasset" to "../../../../../Unreal Projects/DigiDashers/DigiDashers/Content/StarterContent/Architecture/Wall_400x200.uasset"
[2018.09.04-00.00.04:466][  0]LogPackFactory: Copied "../../../Samples/StarterContent/Content/StarterContent/Architecture/Wall_400x300.uasset" to "../../../../../Unreal Projects/DigiDashers/DigiDashers/Content/StarterContent/Architecture/Wall_400x300.uasset"
[2018.09.04-00.00.04:471][  0]LogPackFactory: Copied "../../../Samples/StarterContent/Content/StarterContent/Architecture/Wall_400x400.uasset" to "../../../../../Unreal Projects/DigiDashers/DigiDashers/Content/StarterContent/Architecture/Wall_400x400.uasset"
[2018.09.04-00.00.04:476][  0]LogPackFactory: Copied "../../../Samples/StarterContent/Content/StarterContent/Architecture/Wall_500x500.uasset" to "../../../../../Unreal Projects/DigiDashers/DigiDashers/Content/StarterContent/Architecture/Wall_500x500.uasset"
[2018.09.04-00.00.04:481][  0]LogPackFactory: Copied "../../../Samples/StarterContent/Content/StarterContent/Architecture/Wall_Door_400x300.uasset" to "../../../../../Unreal Projects/DigiDashers/DigiDashers/Content/StarterContent/Architecture/Wall_Door_400x300.uasset"
[2018.09.04-00.00.04:486][  0]LogPackFactory: Copied "../../../Samples/StarterContent/Content/StarterContent/Architecture/Wall_Door_400x400.uasset" to "../../../../../Unreal Projects/DigiDashers/DigiDashers/Content/StarterContent/Architecture/Wall_Door_400x400.uasset"
[2018.09.04-00.00.04:492][  0]LogPackFactory: Copied "../../../Samples/StarterContent/Content/StarterContent/Architecture/Wall_Window_400x300.uasset" to "../../../../../Unreal Projects/DigiDashers/DigiDashers/Content/StarterContent/Architecture/Wall_Window_400x300.uasset"
[2018.09.04-00.00.04:497][  0]LogPackFactory: Copied "../../../Samples/StarterContent/Content/StarterContent/Architecture/Wall_Window_400x400.uasset" to "../../../../../Unreal Projects/DigiDashers/DigiDashers/Content/StarterContent/Architecture/Wall_Window_400x400.uasset"
[2018.09.04-00.00.04:502][  0]LogPackFactory: Copied "../../../Samples/StarterContent/Content/StarterContent/Audio/Collapse01.uasset" to "../../../../../Unreal Projects/DigiDashers/DigiDashers/Content/StarterContent/Audio/Collapse01.uasset"
[2018.09.04-00.00.04:508][  0]LogPackFactory: Copied "../../../Samples/StarterContent/Content/StarterContent/Audio/Collapse02.uasset" to "../../../../../Unreal Projects/DigiDashers/DigiDashers/Content/StarterContent/Audio/Collapse02.uasset"
[2018.09.04-00.00.04:510][  0]LogPackFactory: Copied "../../../Samples/StarterContent/Content/StarterContent/Audio/Collapse_Cue.uasset" to "../../../../../Unreal Projects/DigiDashers/DigiDashers/Content/StarterContent/Audio/Collapse_Cue.uasset"
[2018.09.04-00.00.04:515][  0]LogPackFactory: Copied "../../../Samples/StarterContent/Content/StarterContent/Audio/Explosion01.uasset" to "../../../../../Unreal Projects/DigiDashers/DigiDashers/Content/StarterContent/Audio/Explosion01.uasset"
[2018.09.04-00.00.04:520][  0]LogPackFactory: Copied "../../../Samples/StarterContent/Content/StarterContent/Audio/Explosion02.uasset" to "../../../../../Unreal Projects/DigiDashers/DigiDashers/Content/StarterContent/Audio/Explosion02.uasset"
[2018.09.04-00.00.04:524][  0]LogPackFactory: Copied "../../../Samples/StarterContent/Content/StarterContent/Audio/Explosion_Cue.uasset" to "../../../../../Unreal Projects/DigiDashers/DigiDashers/Content/StarterContent/Audio/Explosion_Cue.uasset"
[2018.09.04-00.00.04:530][  0]LogPackFactory: Copied "../../../Samples/StarterContent/Content/StarterContent/Audio/Fire01.uasset" to "../../../../../Unreal Projects/DigiDashers/DigiDashers/Content/StarterContent/Audio/Fire01.uasset"
[2018.09.04-00.00.04:565][  0]LogPackFactory: Copied "../../../Samples/StarterContent/Content/StarterContent/Audio/Fire01_Cue.uasset" to "../../../../../Unreal Projects/DigiDashers/DigiDashers/Content/StarterContent/Audio/Fire01_Cue.uasset"
[2018.09.04-00.00.04:570][  0]LogPackFactory: Copied "../../../Samples/StarterContent/Content/StarterContent/Audio/Fire_Sparks01.uasset" to "../../../../../Unreal Projects/DigiDashers/DigiDashers/Content/StarterContent/Audio/Fire_Sparks01.uasset"
[2018.09.04-00.00.04:575][  0]LogPackFactory: Copied "../../../Samples/StarterContent/Content/StarterContent/Audio/Fire_Sparks01_Cue.uasset" to "../../../../../Unreal Projects/DigiDashers/DigiDashers/Content/StarterContent/Audio/Fire_Sparks01_Cue.uasset"
[2018.09.04-00.00.04:579][  0]LogPackFactory: Copied "../../../Samples/StarterContent/Content/StarterContent/Audio/Light01.uasset" to "../../../../../Unreal Projects/DigiDashers/DigiDashers/Content/StarterContent/Audio/Light01.uasset"
[2018.09.04-00.00.04:584][  0]LogPackFactory: Copied "../../../Samples/StarterContent/Content/StarterContent/Audio/Light01_Cue.uasset" to "../../../../../Unreal Projects/DigiDashers/DigiDashers/Content/StarterContent/Audio/Light01_Cue.uasset"
[2018.09.04-00.00.04:589][  0]LogPackFactory: Copied "../../../Samples/StarterContent/Content/StarterContent/Audio/Light02.uasset" to "../../../../../Unreal Projects/DigiDashers/DigiDashers/Content/StarterContent/Audio/Light02.uasset"
[2018.09.04-00.00.04:593][  0]LogPackFactory: Copied "../../../Samples/StarterContent/Content/StarterContent/Audio/Light02_Cue.uasset" to "../../../../../Unreal Projects/DigiDashers/DigiDashers/Content/StarterContent/Audio/Light02_Cue.uasset"
[2018.09.04-00.00.04:598][  0]LogPackFactory: Copied "../../../Samples/StarterContent/Content/StarterContent/Audio/Smoke01.uasset" to "../../../../../Unreal Projects/DigiDashers/DigiDashers/Content/StarterContent/Audio/Smoke01.uasset"
[2018.09.04-00.00.04:602][  0]LogPackFactory: Copied "../../../Samples/StarterContent/Content/StarterContent/Audio/Smoke01_Cue.uasset" to "../../../../../Unreal Projects/DigiDashers/DigiDashers/Content/StarterContent/Audio/Smoke01_Cue.uasset"
[2018.09.04-00.00.04:606][  0]LogPackFactory: Copied "../../../Samples/StarterContent/Content/StarterContent/Audio/Starter_Background_Cue.uasset" to "../../../../../Unreal Projects/DigiDashers/DigiDashers/Content/StarterContent/Audio/Starter_Background_Cue.uasset"
[2018.09.04-00.00.04:612][  0]LogPackFactory: Copied "../../../Samples/StarterContent/Content/StarterContent/Audio/Starter_Birds01.uasset" to "../../../../../Unreal Projects/DigiDashers/DigiDashers/Content/StarterContent/Audio/Starter_Birds01.uasset"
[2018.09.04-00.00.04:631][  0]LogPackFactory: Copied "../../../Samples/StarterContent/Content/StarterContent/Audio/Starter_Music01.uasset" to "../../../../../Unreal Projects/DigiDashers/DigiDashers/Content/StarterContent/Audio/Starter_Music01.uasset"
[2018.09.04-00.00.04:635][  0]LogPackFactory: Copied "../../../Samples/StarterContent/Content/StarterContent/Audio/Starter_Music_Cue.uasset" to "../../../../../Unreal Projects/DigiDashers/DigiDashers/Content/StarterContent/Audio/Starter_Music_Cue.uasset"
[2018.09.04-00.00.04:641][  0]LogPackFactory: Copied "../../../Samples/StarterContent/Content/StarterContent/Audio/Starter_Wind05.uasset" to "../../../../../Unreal Projects/DigiDashers/DigiDashers/Content/StarterContent/Audio/Starter_Wind05.uasset"
[2018.09.04-00.00.04:646][  0]LogPackFactory: Copied "../../../Samples/StarterContent/Content/StarterContent/Audio/Starter_Wind06.uasset" to "../../../../../Unreal Projects/DigiDashers/DigiDashers/Content/StarterContent/Audio/Starter_Wind06.uasset"
[2018.09.04-00.00.04:652][  0]LogPackFactory: Copied "../../../Samples/StarterContent/Content/StarterContent/Audio/Steam01.uasset" to "../../../../../Unreal Projects/DigiDashers/DigiDashers/Content/StarterContent/Audio/Steam01.uasset"
[2018.09.04-00.00.04:657][  0]LogPackFactory: Copied "../../../Samples/StarterContent/Content/StarterContent/Audio/Steam01_Cue.uasset" to "../../../../../Unreal Projects/DigiDashers/DigiDashers/Content/StarterContent/Audio/Steam01_Cue.uasset"
[2018.09.04-00.00.04:663][  0]LogPackFactory: Copied "../../../Samples/StarterContent/Content/StarterContent/Blueprints/Blueprint_CeilingLight.uasset" to "../../../../../Unreal Projects/DigiDashers/DigiDashers/Content/StarterContent/Blueprints/Blueprint_CeilingLight.uasset"
[2018.09.04-00.00.04:667][  0]LogPackFactory: Copied "../../../Samples/StarterContent/Content/StarterContent/Blueprints/Blueprint_Effect_Explosion.uasset" to "../../../../../Unreal Projects/DigiDashers/DigiDashers/Content/StarterContent/Blueprints/Blueprint_Effect_Explosion.uasset"
[2018.09.04-00.00.04:672][  0]LogPackFactory: Copied "../../../Samples/StarterContent/Content/StarterContent/Blueprints/Blueprint_Effect_Fire.uasset" to "../../../../../Unreal Projects/DigiDashers/DigiDashers/Content/StarterContent/Blueprints/Blueprint_Effect_Fire.uasset"
[2018.09.04-00.00.04:679][  0]LogPackFactory: Copied "../../../Samples/StarterContent/Content/StarterContent/Blueprints/Blueprint_Effect_Smoke.uasset" to "../../../../../Unreal Projects/DigiDashers/DigiDashers/Content/StarterContent/Blueprints/Blueprint_Effect_Smoke.uasset"
[2018.09.04-00.00.04:686][  0]LogPackFactory: Copied "../../../Samples/StarterContent/Content/StarterContent/Blueprints/Blueprint_Effect_Sparks.uasset" to "../../../../../Unreal Projects/DigiDashers/DigiDashers/Content/StarterContent/Blueprints/Blueprint_Effect_Sparks.uasset"
[2018.09.04-00.00.04:691][  0]LogPackFactory: Copied "../../../Samples/StarterContent/Content/StarterContent/Blueprints/Blueprint_Effect_Steam.uasset" to "../../../../../Unreal Projects/DigiDashers/DigiDashers/Content/StarterContent/Blueprints/Blueprint_Effect_Steam.uasset"
[2018.09.04-00.00.04:697][  0]LogPackFactory: Copied "../../../Samples/StarterContent/Content/StarterContent/Blueprints/Blueprint_WallSconce.uasset" to "../../../../../Unreal Projects/DigiDashers/DigiDashers/Content/StarterContent/Blueprints/Blueprint_WallSconce.uasset"
[2018.09.04-00.00.04:704][  0]LogPackFactory: Copied "../../../Samples/StarterContent/Content/StarterContent/Blueprints/BP_LightStudio.uasset" to "../../../../../Unreal Projects/DigiDashers/DigiDashers/Content/StarterContent/Blueprints/BP_LightStudio.uasset"
[2018.09.04-00.00.04:709][  0]LogPackFactory: Copied "../../../Samples/StarterContent/Content/StarterContent/Blueprints/Assets/FogBrightnessLUT.uasset" to "../../../../../Unreal Projects/DigiDashers/DigiDashers/Content/StarterContent/Blueprints/Assets/FogBrightnessLUT.uasset"
[2018.09.04-00.00.04:715][  0]LogPackFactory: Copied "../../../Samples/StarterContent/Content/StarterContent/Blueprints/Assets/M_LightStage_Arrows.uasset" to "../../../../../Unreal Projects/DigiDashers/DigiDashers/Content/StarterContent/Blueprints/Assets/M_LightStage_Arrows.uasset"
[2018.09.04-00.00.04:721][  0]LogPackFactory: Copied "../../../Samples/StarterContent/Content/StarterContent/Blueprints/Assets/M_LightStage_Skybox_Black.uasset" to "../../../../../Unreal Projects/DigiDashers/DigiDashers/Content/StarterContent/Blueprints/Assets/M_LightStage_Skybox_Black.uasset"
[2018.09.04-00.00.04:727][  0]LogPackFactory: Copied "../../../Samples/StarterContent/Content/StarterContent/Blueprints/Assets/M_LightStage_Skybox_HDRI.uasset" to "../../../../../Unreal Projects/DigiDashers/DigiDashers/Content/StarterContent/Blueprints/Assets/M_LightStage_Skybox_HDRI.uasset"
[2018.09.04-00.00.04:732][  0]LogPackFactory: Copied "../../../Samples/StarterContent/Content/StarterContent/Blueprints/Assets/M_LightStage_Skybox_Master.uasset" to "../../../../../Unreal Projects/DigiDashers/DigiDashers/Content/StarterContent/Blueprints/Assets/M_LightStage_Skybox_Master.uasset"
[2018.09.04-00.00.04:737][  0]LogPackFactory: Copied "../../../Samples/StarterContent/Content/StarterContent/Blueprints/Assets/Skybox.uasset" to "../../../../../Unreal Projects/DigiDashers/DigiDashers/Content/StarterContent/Blueprints/Assets/Skybox.uasset"
[2018.09.04-00.00.04:748][  0]LogPackFactory: Copied "../../../Samples/StarterContent/Content/StarterContent/Blueprints/Assets/SM_Arrows.uasset" to "../../../../../Unreal Projects/DigiDashers/DigiDashers/Content/StarterContent/Blueprints/Assets/SM_Arrows.uasset"
[2018.09.04-00.00.04:754][  0]LogPackFactory: Copied "../../../Samples/StarterContent/Content/StarterContent/Blueprints/Assets/SunlightColorLUT.uasset" to "../../../../../Unreal Projects/DigiDashers/DigiDashers/Content/StarterContent/Blueprints/Assets/SunlightColorLUT.uasset"
[2018.09.04-00.00.04:790][  0]LogPackFactory: Copied "../../../Samples/StarterContent/Content/StarterContent/HDRI/HDRI_Epic_Courtyard_Daylight.uasset" to "../../../../../Unreal Projects/DigiDashers/DigiDashers/Content/StarterContent/HDRI/HDRI_Epic_Courtyard_Daylight.uasset"
[2018.09.04-00.00.04:797][  0]LogPackFactory: Copied "../../../Samples/StarterContent/Content/StarterContent/Maps/Advanced_Lighting.umap" to "../../../../../Unreal Projects/DigiDashers/DigiDashers/Content/StarterContent/Maps/Advanced_Lighting.umap"
[2018.09.04-00.00.04:803][  0]LogPackFactory: Copied "../../../Samples/StarterContent/Content/StarterContent/Maps/Advanced_Lighting_BuiltData.uasset" to "../../../../../Unreal Projects/DigiDashers/DigiDashers/Content/StarterContent/Maps/Advanced_Lighting_BuiltData.uasset"
[2018.09.04-00.00.04:809][  0]LogPackFactory: Copied "../../../Samples/StarterContent/Content/StarterContent/Maps/Minimal_Default.umap" to "../../../../../Unreal Projects/DigiDashers/DigiDashers/Content/StarterContent/Maps/Minimal_Default.umap"
[2018.09.04-00.00.04:815][  0]LogPackFactory: Copied "../../../Samples/StarterContent/Content/StarterContent/Maps/Minimal_Default_BuiltData.uasset" to "../../../../../Unreal Projects/DigiDashers/DigiDashers/Content/StarterContent/Maps/Minimal_Default_BuiltData.uasset"
[2018.09.04-00.00.04:821][  0]LogPackFactory: Copied "../../../Samples/StarterContent/Content/StarterContent/Maps/StarterMap.umap" to "../../../../../Unreal Projects/DigiDashers/DigiDashers/Content/StarterContent/Maps/StarterMap.umap"
[2018.09.04-00.00.04:837][  0]LogPackFactory: Copied "../../../Samples/StarterContent/Content/StarterContent/Maps/StarterMap_BuiltData.uasset" to "../../../../../Unreal Projects/DigiDashers/DigiDashers/Content/StarterContent/Maps/StarterMap_BuiltData.uasset"
[2018.09.04-00.00.04:844][  0]LogPackFactory: Copied "../../../Samples/StarterContent/Content/StarterContent/Materials/M_AssetPlatform.uasset" to "../../../../../Unreal Projects/DigiDashers/DigiDashers/Content/StarterContent/Materials/M_AssetPlatform.uasset"
[2018.09.04-00.00.04:852][  0]LogPackFactory: Copied "../../../Samples/StarterContent/Content/StarterContent/Materials/M_Basic_Floor.uasset" to "../../../../../Unreal Projects/DigiDashers/DigiDashers/Content/StarterContent/Materials/M_Basic_Floor.uasset"
[2018.09.04-00.00.04:858][  0]LogPackFactory: Copied "../../../Samples/StarterContent/Content/StarterContent/Materials/M_Basic_Wall.uasset" to "../../../../../Unreal Projects/DigiDashers/DigiDashers/Content/StarterContent/Materials/M_Basic_Wall.uasset"
[2018.09.04-00.00.04:865][  0]LogPackFactory: Copied "../../../Samples/StarterContent/Content/StarterContent/Materials/M_Brick_Clay_Beveled.uasset" to "../../../../../Unreal Projects/DigiDashers/DigiDashers/Content/StarterContent/Materials/M_Brick_Clay_Beveled.uasset"
[2018.09.04-00.00.04:889][  0]LogPackFactory: Copied "../../../Samples/StarterContent/Content/StarterContent/Materials/M_Brick_Clay_New.uasset" to "../../../../../Unreal Projects/DigiDashers/DigiDashers/Content/StarterContent/Materials/M_Brick_Clay_New.uasset"
[2018.09.04-00.00.04:896][  0]LogPackFactory: Copied "../../../Samples/StarterContent/Content/StarterContent/Materials/M_Brick_Clay_Old.uasset" to "../../../../../Unreal Projects/DigiDashers/DigiDashers/Content/StarterContent/Materials/M_Brick_Clay_Old.uasset"
[2018.09.04-00.00.04:902][  0]LogPackFactory: Copied "../../../Samples/StarterContent/Content/StarterContent/Materials/M_Brick_Cut_Stone.uasset" to "../../../../../Unreal Projects/DigiDashers/DigiDashers/Content/StarterContent/Materials/M_Brick_Cut_Stone.uasset"
[2018.09.04-00.00.04:908][  0]LogPackFactory: Copied "../../../Samples/StarterContent/Content/StarterContent/Materials/M_Brick_Hewn_Stone.uasset" to "../../../../../Unreal Projects/DigiDashers/DigiDashers/Content/StarterContent/Materials/M_Brick_Hewn_Stone.uasset"
[2018.09.04-00.00.04:913][  0]LogPackFactory: Copied "../../../Samples/StarterContent/Content/StarterContent/Materials/M_Ceramic_Tile_Checker.uasset" to "../../../../../Unreal Projects/DigiDashers/DigiDashers/Content/StarterContent/Materials/M_Ceramic_Tile_Checker.uasset"
[2018.09.04-00.00.04:920][  0]LogPackFactory: Copied "../../../Samples/StarterContent/Content/StarterContent/Materials/M_CobbleStone_Pebble.uasset" to "../../../../../Unreal Projects/DigiDashers/DigiDashers/Content/StarterContent/Materials/M_CobbleStone_Pebble.uasset"
[2018.09.04-00.00.04:947][  0]LogPackFactory: Copied "../../../Samples/StarterContent/Content/StarterContent/Materials/M_CobbleStone_Rough.uasset" to "../../../../../Unreal Projects/DigiDashers/DigiDashers/Content/StarterContent/Materials/M_CobbleStone_Rough.uasset"
[2018.09.04-00.00.04:954][  0]LogPackFactory: Copied "../../../Samples/StarterContent/Content/StarterContent/Materials/M_CobbleStone_Smooth.uasset" to "../../../../../Unreal Projects/DigiDashers/DigiDashers/Content/StarterContent/Materials/M_CobbleStone_Smooth.uasset"
[2018.09.04-00.00.04:959][  0]LogPackFactory: Copied "../../../Samples/StarterContent/Content/StarterContent/Materials/M_ColorGrid_LowSpec.uasset" to "../../../../../Unreal Projects/DigiDashers/DigiDashers/Content/StarterContent/Materials/M_ColorGrid_LowSpec.uasset"
[2018.09.04-00.00.04:964][  0]LogPackFactory: Copied "../../../Samples/StarterContent/Content/StarterContent/Materials/M_Concrete_Grime.uasset" to "../../../../../Unreal Projects/DigiDashers/DigiDashers/Content/StarterContent/Materials/M_Concrete_Grime.uasset"
[2018.09.04-00.00.04:970][  0]LogPackFactory: Copied "../../../Samples/StarterContent/Content/StarterContent/Materials/M_Concrete_Panels.uasset" to "../../../../../Unreal Projects/DigiDashers/DigiDashers/Content/StarterContent/Materials/M_Concrete_Panels.uasset"
[2018.09.04-00.00.04:975][  0]LogPackFactory: Copied "../../../Samples/StarterContent/Content/StarterContent/Materials/M_Concrete_Poured.uasset" to "../../../../../Unreal Projects/DigiDashers/DigiDashers/Content/StarterContent/Materials/M_Concrete_Poured.uasset"
[2018.09.04-00.00.04:981][  0]LogPackFactory: Copied "../../../Samples/StarterContent/Content/StarterContent/Materials/M_Concrete_Tiles.uasset" to "../../../../../Unreal Projects/DigiDashers/DigiDashers/Content/StarterContent/Materials/M_Concrete_Tiles.uasset"
[2018.09.04-00.00.04:987][  0]LogPackFactory: Copied "../../../Samples/StarterContent/Content/StarterContent/Materials/M_Glass.uasset" to "../../../../../Unreal Projects/DigiDashers/DigiDashers/Content/StarterContent/Materials/M_Glass.uasset"
[2018.09.04-00.00.04:993][  0]LogPackFactory: Copied "../../../Samples/StarterContent/Content/StarterContent/Materials/M_Ground_Grass.uasset" to "../../../../../Unreal Projects/DigiDashers/DigiDashers/Content/StarterContent/Materials/M_Ground_Grass.uasset"
[2018.09.04-00.00.04:997][  0]LogPackFactory: Copied "../../../Samples/StarterContent/Content/StarterContent/Materials/M_Ground_Gravel.uasset" to "../../../../../Unreal Projects/DigiDashers/DigiDashers/Content/StarterContent/Materials/M_Ground_Gravel.uasset"
[2018.09.04-00.00.05:003][  0]LogPackFactory: Copied "../../../Samples/StarterContent/Content/StarterContent/Materials/M_Ground_Moss.uasset" to "../../../../../Unreal Projects/DigiDashers/DigiDashers/Content/StarterContent/Materials/M_Ground_Moss.uasset"
[2018.09.04-00.00.05:008][  0]LogPackFactory: Copied "../../../Samples/StarterContent/Content/StarterContent/Materials/M_Metal_Brushed_Nickel.uasset" to "../../../../../Unreal Projects/DigiDashers/DigiDashers/Content/StarterContent/Materials/M_Metal_Brushed_Nickel.uasset"
[2018.09.04-00.00.05:013][  0]LogPackFactory: Copied "../../../Samples/StarterContent/Content/StarterContent/Materials/M_Metal_Burnished_Steel.uasset" to "../../../../../Unreal Projects/DigiDashers/DigiDashers/Content/StarterContent/Materials/M_Metal_Burnished_Steel.uasset"
[2018.09.04-00.00.05:019][  0]LogPackFactory: Copied "../../../Samples/StarterContent/Content/StarterContent/Materials/M_Metal_Chrome.uasset" to "../../../../../Unreal Projects/DigiDashers/DigiDashers/Content/StarterContent/Materials/M_Metal_Chrome.uasset"
[2018.09.04-00.00.05:024][  0]LogPackFactory: Copied "../../../Samples/StarterContent/Content/StarterContent/Materials/M_Metal_Copper.uasset" to "../../../../../Unreal Projects/DigiDashers/DigiDashers/Content/StarterContent/Materials/M_Metal_Copper.uasset"
[2018.09.04-00.00.05:030][  0]LogPackFactory: Copied "../../../Samples/StarterContent/Content/StarterContent/Materials/M_Metal_Gold.uasset" to "../../../../../Unreal Projects/DigiDashers/DigiDashers/Content/StarterContent/Materials/M_Metal_Gold.uasset"
[2018.09.04-00.00.05:036][  0]LogPackFactory: Copied "../../../Samples/StarterContent/Content/StarterContent/Materials/M_Metal_Rust.uasset" to "../../../../../Unreal Projects/DigiDashers/DigiDashers/Content/StarterContent/Materials/M_Metal_Rust.uasset"
[2018.09.04-00.00.05:041][  0]LogPackFactory: Copied "../../../Samples/StarterContent/Content/StarterContent/Materials/M_Metal_Steel.uasset" to "../../../../../Unreal Projects/DigiDashers/DigiDashers/Content/StarterContent/Materials/M_Metal_Steel.uasset"
[2018.09.04-00.00.05:047][  0]LogPackFactory: Copied "../../../Samples/StarterContent/Content/StarterContent/Materials/M_Rock_Basalt.uasset" to "../../../../../Unreal Projects/DigiDashers/DigiDashers/Content/StarterContent/Materials/M_Rock_Basalt.uasset"
[2018.09.04-00.00.05:054][  0]LogPackFactory: Copied "../../../Samples/StarterContent/Content/StarterContent/Materials/M_Rock_Marble_Polished.uasset" to "../../../../../Unreal Projects/DigiDashers/DigiDashers/Content/StarterContent/Materials/M_Rock_Marble_Polished.uasset"
[2018.09.04-00.00.05:076][  0]LogPackFactory: Copied "../../../Samples/StarterContent/Content/StarterContent/Materials/M_Rock_Sandstone.uasset" to "../../../../../Unreal Projects/DigiDashers/DigiDashers/Content/StarterContent/Materials/M_Rock_Sandstone.uasset"
[2018.09.04-00.00.05:083][  0]LogPackFactory: Copied "../../../Samples/StarterContent/Content/StarterContent/Materials/M_Rock_Slate.uasset" to "../../../../../Unreal Projects/DigiDashers/DigiDashers/Content/StarterContent/Materials/M_Rock_Slate.uasset"
[2018.09.04-00.00.05:088][  0]LogPackFactory: Copied "../../../Samples/StarterContent/Content/StarterContent/Materials/M_Tech_Checker_Dot.uasset" to "../../../../../Unreal Projects/DigiDashers/DigiDashers/Content/StarterContent/Materials/M_Tech_Checker_Dot.uasset"
[2018.09.04-00.00.05:094][  0]LogPackFactory: Copied "../../../Samples/StarterContent/Content/StarterContent/Materials/M_Tech_Hex_Tile.uasset" to "../../../../../Unreal Projects/DigiDashers/DigiDashers/Content/StarterContent/Materials/M_Tech_Hex_Tile.uasset"
[2018.09.04-00.00.05:098][  0]LogPackFactory: Copied "../../../Samples/StarterContent/Content/StarterContent/Materials/M_Tech_Hex_Tile_Pulse.uasset" to "../../../../../Unreal Projects/DigiDashers/DigiDashers/Content/StarterContent/Materials/M_Tech_Hex_Tile_Pulse.uasset"
[2018.09.04-00.00.05:114][  0]LogPackFactory: Copied "../../../Samples/StarterContent/Content/StarterContent/Materials/M_Tech_Panel.uasset" to "../../../../../Unreal Projects/DigiDashers/DigiDashers/Content/StarterContent/Materials/M_Tech_Panel.uasset"
[2018.09.04-00.00.05:121][  0]LogPackFactory: Copied "../../../Samples/StarterContent/Content/StarterContent/Materials/M_Water_Lake.uasset" to "../../../../../Unreal Projects/DigiDashers/DigiDashers/Content/StarterContent/Materials/M_Water_Lake.uasset"
[2018.09.04-00.00.05:126][  0]LogPackFactory: Copied "../../../Samples/StarterContent/Content/StarterContent/Materials/M_Water_Ocean.uasset" to "../../../../../Unreal Projects/DigiDashers/DigiDashers/Content/StarterContent/Materials/M_Water_Ocean.uasset"
[2018.09.04-00.00.05:132][  0]LogPackFactory: Copied "../../../Samples/StarterContent/Content/StarterContent/Materials/M_Wood_Floor_Walnut_Polished.uasset" to "../../../../../Unreal Projects/DigiDashers/DigiDashers/Content/StarterContent/Materials/M_Wood_Floor_Walnut_Polished.uasset"
[2018.09.04-00.00.05:137][  0]LogPackFactory: Copied "../../../Samples/StarterContent/Content/StarterContent/Materials/M_Wood_Floor_Walnut_Worn.uasset" to "../../../../../Unreal Projects/DigiDashers/DigiDashers/Content/StarterContent/Materials/M_Wood_Floor_Walnut_Worn.uasset"
[2018.09.04-00.00.05:142][  0]LogPackFactory: Copied "../../../Samples/StarterContent/Content/StarterContent/Materials/M_Wood_Oak.uasset" to "../../../../../Unreal Projects/DigiDashers/DigiDashers/Content/StarterContent/Materials/M_Wood_Oak.uasset"
[2018.09.04-00.00.05:148][  0]LogPackFactory: Copied "../../../Samples/StarterContent/Content/StarterContent/Materials/M_Wood_Pine.uasset" to "../../../../../Unreal Projects/DigiDashers/DigiDashers/Content/StarterContent/Materials/M_Wood_Pine.uasset"
[2018.09.04-00.00.05:299][  0]LogPackFactory: Copied "../../../Samples/StarterContent/Content/StarterContent/Materials/M_Wood_Walnut.uasset" to "../../../../../Unreal Projects/DigiDashers/DigiDashers/Content/StarterContent/Materials/M_Wood_Walnut.uasset"
[2018.09.04-00.00.05:304][  0]LogPackFactory: Copied "../../../Samples/StarterContent/Content/StarterContent/Particles/P_Ambient_Dust.uasset" to "../../../../../Unreal Projects/DigiDashers/DigiDashers/Content/StarterContent/Particles/P_Ambient_Dust.uasset"
[2018.09.04-00.00.05:309][  0]LogPackFactory: Copied "../../../Samples/StarterContent/Content/StarterContent/Particles/P_Explosion.uasset" to "../../../../../Unreal Projects/DigiDashers/DigiDashers/Content/StarterContent/Particles/P_Explosion.uasset"
[2018.09.04-00.00.05:315][  0]LogPackFactory: Copied "../../../Samples/StarterContent/Content/StarterContent/Particles/P_Fire.uasset" to "../../../../../Unreal Projects/DigiDashers/DigiDashers/Content/StarterContent/Particles/P_Fire.uasset"
[2018.09.04-00.00.05:322][  0]LogPackFactory: Copied "../../../Samples/StarterContent/Content/StarterContent/Particles/P_Smoke.uasset" to "../../../../../Unreal Projects/DigiDashers/DigiDashers/Content/StarterContent/Particles/P_Smoke.uasset"
[2018.09.04-00.00.05:327][  0]LogPackFactory: Copied "../../../Samples/StarterContent/Content/StarterContent/Particles/P_Sparks.uasset" to "../../../../../Unreal Projects/DigiDashers/DigiDashers/Content/StarterContent/Particles/P_Sparks.uasset"
[2018.09.04-00.00.05:333][  0]LogPackFactory: Copied "../../../Samples/StarterContent/Content/StarterContent/Particles/P_Steam_Lit.uasset" to "../../../../../Unreal Projects/DigiDashers/DigiDashers/Content/StarterContent/Particles/P_Steam_Lit.uasset"
[2018.09.04-00.00.05:338][  0]LogPackFactory: Copied "../../../Samples/StarterContent/Content/StarterContent/Particles/Materials/M_Burst.uasset" to "../../../../../Unreal Projects/DigiDashers/DigiDashers/Content/StarterContent/Particles/Materials/M_Burst.uasset"
[2018.09.04-00.00.05:344][  0]LogPackFactory: Copied "../../../Samples/StarterContent/Content/StarterContent/Particles/Materials/M_Dust_Particle.uasset" to "../../../../../Unreal Projects/DigiDashers/DigiDashers/Content/StarterContent/Particles/Materials/M_Dust_Particle.uasset"
[2018.09.04-00.00.05:349][  0]LogPackFactory: Copied "../../../Samples/StarterContent/Content/StarterContent/Particles/Materials/M_explosion_subUV.uasset" to "../../../../../Unreal Projects/DigiDashers/DigiDashers/Content/StarterContent/Particles/Materials/M_explosion_subUV.uasset"
[2018.09.04-00.00.05:354][  0]LogPackFactory: Copied "../../../Samples/StarterContent/Content/StarterContent/Particles/Materials/M_Fire_SubUV.uasset" to "../../../../../Unreal Projects/DigiDashers/DigiDashers/Content/StarterContent/Particles/Materials/M_Fire_SubUV.uasset"
[2018.09.04-00.00.05:360][  0]LogPackFactory: Copied "../../../Samples/StarterContent/Content/StarterContent/Particles/Materials/m_flare_01.uasset" to "../../../../../Unreal Projects/DigiDashers/DigiDashers/Content/StarterContent/Particles/Materials/m_flare_01.uasset"
[2018.09.04-00.00.05:367][  0]LogPackFactory: Copied "../../../Samples/StarterContent/Content/StarterContent/Particles/Materials/M_Heat_Distortion.uasset" to "../../../../../Unreal Projects/DigiDashers/DigiDashers/Content/StarterContent/Particles/Materials/M_Heat_Distortion.uasset"
[2018.09.04-00.00.05:373][  0]LogPackFactory: Copied "../../../Samples/StarterContent/Content/StarterContent/Particles/Materials/M_Radial_Gradient.uasset" to "../../../../../Unreal Projects/DigiDashers/DigiDashers/Content/StarterContent/Particles/Materials/M_Radial_Gradient.uasset"
[2018.09.04-00.00.05:379][  0]LogPackFactory: Copied "../../../Samples/StarterContent/Content/StarterContent/Particles/Materials/M_radial_ramp.uasset" to "../../../../../Unreal Projects/DigiDashers/DigiDashers/Content/StarterContent/Particles/Materials/M_radial_ramp.uasset"
[2018.09.04-00.00.05:385][  0]LogPackFactory: Copied "../../../Samples/StarterContent/Content/StarterContent/Particles/Materials/M_smoke_subUV.uasset" to "../../../../../Unreal Projects/DigiDashers/DigiDashers/Content/StarterContent/Particles/Materials/M_smoke_subUV.uasset"
[2018.09.04-00.00.05:392][  0]LogPackFactory: Copied "../../../Samples/StarterContent/Content/StarterContent/Particles/Materials/M_Spark.uasset" to "../../../../../Unreal Projects/DigiDashers/DigiDashers/Content/StarterContent/Particles/Materials/M_Spark.uasset"
[2018.09.04-00.00.05:408][  0]LogPackFactory: Copied "../../../Samples/StarterContent/Content/StarterContent/Props/MaterialSphere.uasset" to "../../../../../Unreal Projects/DigiDashers/DigiDashers/Content/StarterContent/Props/MaterialSphere.uasset"
[2018.09.04-00.00.05:416][  0]LogPackFactory: Copied "../../../Samples/StarterContent/Content/StarterContent/Props/SM_Bush.uasset" to "../../../../../Unreal Projects/DigiDashers/DigiDashers/Content/StarterContent/Props/SM_Bush.uasset"
[2018.09.04-00.00.05:421][  0]LogPackFactory: Copied "../../../Samples/StarterContent/Content/StarterContent/Props/SM_Chair.uasset" to "../../../../../Unreal Projects/DigiDashers/DigiDashers/Content/StarterContent/Props/SM_Chair.uasset"
[2018.09.04-00.00.05:426][  0]LogPackFactory: Copied "../../../Samples/StarterContent/Content/StarterContent/Props/SM_CornerFrame.uasset" to "../../../../../Unreal Projects/DigiDashers/DigiDashers/Content/StarterContent/Props/SM_CornerFrame.uasset"
[2018.09.04-00.00.05:432][  0]LogPackFactory: Copied "../../../Samples/StarterContent/Content/StarterContent/Props/SM_Couch.uasset" to "../../../../../Unreal Projects/DigiDashers/DigiDashers/Content/StarterContent/Props/SM_Couch.uasset"
[2018.09.04-00.00.05:438][  0]LogPackFactory: Copied "../../../Samples/StarterContent/Content/StarterContent/Props/SM_Door.uasset" to "../../../../../Unreal Projects/DigiDashers/DigiDashers/Content/StarterContent/Props/SM_Door.uasset"
[2018.09.04-00.00.05:443][  0]LogPackFactory: Copied "../../../Samples/StarterContent/Content/StarterContent/Props/SM_DoorFrame.uasset" to "../../../../../Unreal Projects/DigiDashers/DigiDashers/Content/StarterContent/Props/SM_DoorFrame.uasset"
[2018.09.04-00.00.05:451][  0]LogPackFactory: Copied "../../../Samples/StarterContent/Content/StarterContent/Props/SM_GlassWindow.uasset" to "../../../../../Unreal Projects/DigiDashers/DigiDashers/Content/StarterContent/Props/SM_GlassWindow.uasset"
[2018.09.04-00.00.05:457][  0]LogPackFactory: Copied "../../../Samples/StarterContent/Content/StarterContent/Props/SM_Lamp_Ceiling.uasset" to "../../../../../Unreal Projects/DigiDashers/DigiDashers/Content/StarterContent/Props/SM_Lamp_Ceiling.uasset"
[2018.09.04-00.00.05:463][  0]LogPackFactory: Copied "../../../Samples/StarterContent/Content/StarterContent/Props/SM_Lamp_Wall.uasset" to "../../../../../Unreal Projects/DigiDashers/DigiDashers/Content/StarterContent/Props/SM_Lamp_Wall.uasset"
[2018.09.04-00.00.05:483][  0]LogPackFactory: Copied "../../../Samples/StarterContent/Content/StarterContent/Props/SM_MatPreviewMesh_02.uasset" to "../../../../../Unreal Projects/DigiDashers/DigiDashers/Content/StarterContent/Props/SM_MatPreviewMesh_02.uasset"
[2018.09.04-00.00.05:489][  0]LogPackFactory: Copied "../../../Samples/StarterContent/Content/StarterContent/Props/SM_PillarFrame.uasset" to "../../../../../Unreal Projects/DigiDashers/DigiDashers/Content/StarterContent/Props/SM_PillarFrame.uasset"
[2018.09.04-00.00.05:494][  0]LogPackFactory: Copied "../../../Samples/StarterContent/Content/StarterContent/Props/SM_PillarFrame300.uasset" to "../../../../../Unreal Projects/DigiDashers/DigiDashers/Content/StarterContent/Props/SM_PillarFrame300.uasset"
[2018.09.04-00.00.05:500][  0]LogPackFactory: Copied "../../../Samples/StarterContent/Content/StarterContent/Props/SM_Rock.uasset" to "../../../../../Unreal Projects/DigiDashers/DigiDashers/Content/StarterContent/Props/SM_Rock.uasset"
[2018.09.04-00.00.05:505][  0]LogPackFactory: Copied "../../../Samples/StarterContent/Content/StarterContent/Props/SM_Shelf.uasset" to "../../../../../Unreal Projects/DigiDashers/DigiDashers/Content/StarterContent/Props/SM_Shelf.uasset"
[2018.09.04-00.00.05:510][  0]LogPackFactory: Copied "../../../Samples/StarterContent/Content/StarterContent/Props/SM_Stairs.uasset" to "../../../../../Unreal Projects/DigiDashers/DigiDashers/Content/StarterContent/Props/SM_Stairs.uasset"
[2018.09.04-00.00.05:516][  0]LogPackFactory: Copied "../../../Samples/StarterContent/Content/StarterContent/Props/SM_Statue.uasset" to "../../../../../Unreal Projects/DigiDashers/DigiDashers/Content/StarterContent/Props/SM_Statue.uasset"
[2018.09.04-00.00.05:532][  0]LogPackFactory: Copied "../../../Samples/StarterContent/Content/StarterContent/Props/SM_TableRound.uasset" to "../../../../../Unreal Projects/DigiDashers/DigiDashers/Content/StarterContent/Props/SM_TableRound.uasset"
[2018.09.04-00.00.05:538][  0]LogPackFactory: Copied "../../../Samples/StarterContent/Content/StarterContent/Props/SM_WindowFrame.uasset" to "../../../../../Unreal Projects/DigiDashers/DigiDashers/Content/StarterContent/Props/SM_WindowFrame.uasset"
[2018.09.04-00.00.05:544][  0]LogPackFactory: Copied "../../../Samples/StarterContent/Content/StarterContent/Props/Materials/M_Bush.uasset" to "../../../../../Unreal Projects/DigiDashers/DigiDashers/Content/StarterContent/Props/Materials/M_Bush.uasset"
[2018.09.04-00.00.05:550][  0]LogPackFactory: Copied "../../../Samples/StarterContent/Content/StarterContent/Props/Materials/M_Chair.uasset" to "../../../../../Unreal Projects/DigiDashers/DigiDashers/Content/StarterContent/Props/Materials/M_Chair.uasset"
[2018.09.04-00.00.05:555][  0]LogPackFactory: Copied "../../../Samples/StarterContent/Content/StarterContent/Props/Materials/M_Door.uasset" to "../../../../../Unreal Projects/DigiDashers/DigiDashers/Content/StarterContent/Props/Materials/M_Door.uasset"
[2018.09.04-00.00.05:561][  0]LogPackFactory: Copied "../../../Samples/StarterContent/Content/StarterContent/Props/Materials/M_Frame.uasset" to "../../../../../Unreal Projects/DigiDashers/DigiDashers/Content/StarterContent/Props/Materials/M_Frame.uasset"
[2018.09.04-00.00.05:588][  0]LogPackFactory: Copied "../../../Samples/StarterContent/Content/StarterContent/Props/Materials/M_Lamp.uasset" to "../../../../../Unreal Projects/DigiDashers/DigiDashers/Content/StarterContent/Props/Materials/M_Lamp.uasset"
[2018.09.04-00.00.05:594][  0]LogPackFactory: Copied "../../../Samples/StarterContent/Content/StarterContent/Props/Materials/M_MaterialSphere.uasset" to "../../../../../Unreal Projects/DigiDashers/DigiDashers/Content/StarterContent/Props/Materials/M_MaterialSphere.uasset"
[2018.09.04-00.00.05:599][  0]LogPackFactory: Copied "../../../Samples/StarterContent/Content/StarterContent/Props/Materials/M_MaterialSphere_Plain.uasset" to "../../../../../Unreal Projects/DigiDashers/DigiDashers/Content/StarterContent/Props/Materials/M_MaterialSphere_Plain.uasset"
[2018.09.04-00.00.05:606][  0]LogPackFactory: Copied "../../../Samples/StarterContent/Content/StarterContent/Props/Materials/M_Rock.uasset" to "../../../../../Unreal Projects/DigiDashers/DigiDashers/Content/StarterContent/Props/Materials/M_Rock.uasset"
[2018.09.04-00.00.05:611][  0]LogPackFactory: Copied "../../../Samples/StarterContent/Content/StarterContent/Props/Materials/M_Shelf.uasset" to "../../../../../Unreal Projects/DigiDashers/DigiDashers/Content/StarterContent/Props/Materials/M_Shelf.uasset"
[2018.09.04-00.00.05:616][  0]LogPackFactory: Copied "../../../Samples/StarterContent/Content/StarterContent/Props/Materials/M_Statue.uasset" to "../../../../../Unreal Projects/DigiDashers/DigiDashers/Content/StarterContent/Props/Materials/M_Statue.uasset"
[2018.09.04-00.00.05:627][  0]LogPackFactory: Copied "../../../Samples/StarterContent/Content/StarterContent/Props/Materials/M_StatueGlass.uasset" to "../../../../../Unreal Projects/DigiDashers/DigiDashers/Content/StarterContent/Props/Materials/M_StatueGlass.uasset"
[2018.09.04-00.00.05:642][  0]LogPackFactory: Copied "../../../Samples/StarterContent/Content/StarterContent/Props/Materials/M_TableRound.uasset" to "../../../../../Unreal Projects/DigiDashers/DigiDashers/Content/StarterContent/Props/Materials/M_TableRound.uasset"
[2018.09.04-00.00.05:647][  0]LogPackFactory: Copied "../../../Samples/StarterContent/Content/StarterContent/Shapes/Shape_Cone.uasset" to "../../../../../Unreal Projects/DigiDashers/DigiDashers/Content/StarterContent/Shapes/Shape_Cone.uasset"
[2018.09.04-00.00.05:653][  0]LogPackFactory: Copied "../../../Samples/StarterContent/Content/StarterContent/Shapes/Shape_Cube.uasset" to "../../../../../Unreal Projects/DigiDashers/DigiDashers/Content/StarterContent/Shapes/Shape_Cube.uasset"
[2018.09.04-00.00.05:661][  0]LogPackFactory: Copied "../../../Samples/StarterContent/Content/StarterContent/Shapes/Shape_Cylinder.uasset" to "../../../../../Unreal Projects/DigiDashers/DigiDashers/Content/StarterContent/Shapes/Shape_Cylinder.uasset"
[2018.09.04-00.00.05:666][  0]LogPackFactory: Copied "../../../Samples/StarterContent/Content/StarterContent/Shapes/Shape_NarrowCapsule.uasset" to "../../../../../Unreal Projects/DigiDashers/DigiDashers/Content/StarterContent/Shapes/Shape_NarrowCapsule.uasset"
[2018.09.04-00.00.05:736][  0]LogPackFactory: Copied "../../../Samples/StarterContent/Content/StarterContent/Shapes/Shape_Pipe.uasset" to "../../../../../Unreal Projects/DigiDashers/DigiDashers/Content/StarterContent/Shapes/Shape_Pipe.uasset"
[2018.09.04-00.00.05:742][  0]LogPackFactory: Copied "../../../Samples/StarterContent/Content/StarterContent/Shapes/Shape_Pipe_180.uasset" to "../../../../../Unreal Projects/DigiDashers/DigiDashers/Content/StarterContent/Shapes/Shape_Pipe_180.uasset"
[2018.09.04-00.00.05:747][  0]LogPackFactory: Copied "../../../Samples/StarterContent/Content/StarterContent/Shapes/Shape_Pipe_90.uasset" to "../../../../../Unreal Projects/DigiDashers/DigiDashers/Content/StarterContent/Shapes/Shape_Pipe_90.uasset"
[2018.09.04-00.00.05:752][  0]LogPackFactory: Copied "../../../Samples/StarterContent/Content/StarterContent/Shapes/Shape_Plane.uasset" to "../../../../../Unreal Projects/DigiDashers/DigiDashers/Content/StarterContent/Shapes/Shape_Plane.uasset"
[2018.09.04-00.00.05:758][  0]LogPackFactory: Copied "../../../Samples/StarterContent/Content/StarterContent/Shapes/Shape_QuadPyramid.uasset" to "../../../../../Unreal Projects/DigiDashers/DigiDashers/Content/StarterContent/Shapes/Shape_QuadPyramid.uasset"
[2018.09.04-00.00.05:764][  0]LogPackFactory: Copied "../../../Samples/StarterContent/Content/StarterContent/Shapes/Shape_Sphere.uasset" to "../../../../../Unreal Projects/DigiDashers/DigiDashers/Content/StarterContent/Shapes/Shape_Sphere.uasset"
[2018.09.04-00.00.05:769][  0]LogPackFactory: Copied "../../../Samples/StarterContent/Content/StarterContent/Shapes/Shape_Torus.uasset" to "../../../../../Unreal Projects/DigiDashers/DigiDashers/Content/StarterContent/Shapes/Shape_Torus.uasset"
[2018.09.04-00.00.05:775][  0]LogPackFactory: Copied "../../../Samples/StarterContent/Content/StarterContent/Shapes/Shape_Trim.uasset" to "../../../../../Unreal Projects/DigiDashers/DigiDashers/Content/StarterContent/Shapes/Shape_Trim.uasset"
[2018.09.04-00.00.05:779][  0]LogPackFactory: Copied "../../../Samples/StarterContent/Content/StarterContent/Shapes/Shape_Trim_90_In.uasset" to "../../../../../Unreal Projects/DigiDashers/DigiDashers/Content/StarterContent/Shapes/Shape_Trim_90_In.uasset"
[2018.09.04-00.00.05:786][  0]LogPackFactory: Copied "../../../Samples/StarterContent/Content/StarterContent/Shapes/Shape_Trim_90_Out.uasset" to "../../../../../Unreal Projects/DigiDashers/DigiDashers/Content/StarterContent/Shapes/Shape_Trim_90_Out.uasset"
[2018.09.04-00.00.05:791][  0]LogPackFactory: Copied "../../../Samples/StarterContent/Content/StarterContent/Shapes/Shape_TriPyramid.uasset" to "../../../../../Unreal Projects/DigiDashers/DigiDashers/Content/StarterContent/Shapes/Shape_TriPyramid.uasset"
[2018.09.04-00.00.05:797][  0]LogPackFactory: Copied "../../../Samples/StarterContent/Content/StarterContent/Shapes/Shape_Tube.uasset" to "../../../../../Unreal Projects/DigiDashers/DigiDashers/Content/StarterContent/Shapes/Shape_Tube.uasset"
[2018.09.04-00.00.05:802][  0]LogPackFactory: Copied "../../../Samples/StarterContent/Content/StarterContent/Shapes/Shape_Wedge_A.uasset" to "../../../../../Unreal Projects/DigiDashers/DigiDashers/Content/StarterContent/Shapes/Shape_Wedge_A.uasset"
[2018.09.04-00.00.05:808][  0]LogPackFactory: Copied "../../../Samples/StarterContent/Content/StarterContent/Shapes/Shape_Wedge_B.uasset" to "../../../../../Unreal Projects/DigiDashers/DigiDashers/Content/StarterContent/Shapes/Shape_Wedge_B.uasset"
[2018.09.04-00.00.05:813][  0]LogPackFactory: Copied "../../../Samples/StarterContent/Content/StarterContent/Shapes/Shape_WideCapsule.uasset" to "../../../../../Unreal Projects/DigiDashers/DigiDashers/Content/StarterContent/Shapes/Shape_WideCapsule.uasset"
[2018.09.04-00.00.05:822][  0]LogPackFactory: Copied "../../../Samples/StarterContent/Content/StarterContent/Textures/T_Brick_Clay_Beveled_D.uasset" to "../../../../../Unreal Projects/DigiDashers/DigiDashers/Content/StarterContent/Textures/T_Brick_Clay_Beveled_D.uasset"
[2018.09.04-00.00.05:831][  0]LogPackFactory: Copied "../../../Samples/StarterContent/Content/StarterContent/Textures/T_Brick_Clay_Beveled_M.uasset" to "../../../../../Unreal Projects/DigiDashers/DigiDashers/Content/StarterContent/Textures/T_Brick_Clay_Beveled_M.uasset"
[2018.09.04-00.00.05:873][  0]LogPackFactory: Copied "../../../Samples/StarterContent/Content/StarterContent/Textures/T_Brick_Clay_Beveled_N.uasset" to "../../../../../Unreal Projects/DigiDashers/DigiDashers/Content/StarterContent/Textures/T_Brick_Clay_Beveled_N.uasset"
[2018.09.04-00.00.05:881][  0]LogPackFactory: Copied "../../../Samples/StarterContent/Content/StarterContent/Textures/T_Brick_Clay_New_D.uasset" to "../../../../../Unreal Projects/DigiDashers/DigiDashers/Content/StarterContent/Textures/T_Brick_Clay_New_D.uasset"
[2018.09.04-00.00.05:892][  0]LogPackFactory: Copied "../../../Samples/StarterContent/Content/StarterContent/Textures/T_Brick_Clay_New_M.uasset" to "../../../../../Unreal Projects/DigiDashers/DigiDashers/Content/StarterContent/Textures/T_Brick_Clay_New_M.uasset"
[2018.09.04-00.00.05:901][  0]LogPackFactory: Copied "../../../Samples/StarterContent/Content/StarterContent/Textures/T_Brick_Clay_New_N.uasset" to "../../../../../Unreal Projects/DigiDashers/DigiDashers/Content/StarterContent/Textures/T_Brick_Clay_New_N.uasset"
[2018.09.04-00.00.05:912][  0]LogPackFactory: Copied "../../../Samples/StarterContent/Content/StarterContent/Textures/T_Brick_Clay_Old_D.uasset" to "../../../../../Unreal Projects/DigiDashers/DigiDashers/Content/StarterContent/Textures/T_Brick_Clay_Old_D.uasset"
[2018.09.04-00.00.05:922][  0]LogPackFactory: Copied "../../../Samples/StarterContent/Content/StarterContent/Textures/T_Brick_Clay_Old_N.uasset" to "../../../../../Unreal Projects/DigiDashers/DigiDashers/Content/StarterContent/Textures/T_Brick_Clay_Old_N.uasset"
[2018.09.04-00.00.05:934][  0]LogPackFactory: Copied "../../../Samples/StarterContent/Content/StarterContent/Textures/T_Brick_Cut_Stone_D.uasset" to "../../../../../Unreal Projects/DigiDashers/DigiDashers/Content/StarterContent/Textures/T_Brick_Cut_Stone_D.uasset"
[2018.09.04-00.00.05:942][  0]LogPackFactory: Copied "../../../Samples/StarterContent/Content/StarterContent/Textures/T_Brick_Cut_Stone_N.uasset" to "../../../../../Unreal Projects/DigiDashers/DigiDashers/Content/StarterContent/Textures/T_Brick_Cut_Stone_N.uasset"
[2018.09.04-00.00.05:951][  0]LogPackFactory: Copied "../../../Samples/StarterContent/Content/StarterContent/Textures/T_Brick_Hewn_Stone_D.uasset" to "../../../../../Unreal Projects/DigiDashers/DigiDashers/Content/StarterContent/Textures/T_Brick_Hewn_Stone_D.uasset"
[2018.09.04-00.00.05:959][  0]LogPackFactory: Copied "../../../Samples/StarterContent/Content/StarterContent/Textures/T_Brick_Hewn_Stone_M.uasset" to "../../../../../Unreal Projects/DigiDashers/DigiDashers/Content/StarterContent/Textures/T_Brick_Hewn_Stone_M.uasset"
[2018.09.04-00.00.05:969][  0]LogPackFactory: Copied "../../../Samples/StarterContent/Content/StarterContent/Textures/T_Brick_Hewn_Stone_N.uasset" to "../../../../../Unreal Projects/DigiDashers/DigiDashers/Content/StarterContent/Textures/T_Brick_Hewn_Stone_N.uasset"
[2018.09.04-00.00.05:975][  0]LogPackFactory: Copied "../../../Samples/StarterContent/Content/StarterContent/Textures/T_Burst_M.uasset" to "../../../../../Unreal Projects/DigiDashers/DigiDashers/Content/StarterContent/Textures/T_Burst_M.uasset"
[2018.09.04-00.00.05:981][  0]LogPackFactory: Copied "../../../Samples/StarterContent/Content/StarterContent/Textures/T_Bush_D.uasset" to "../../../../../Unreal Projects/DigiDashers/DigiDashers/Content/StarterContent/Textures/T_Bush_D.uasset"
[2018.09.04-00.00.05:986][  0]LogPackFactory: Copied "../../../Samples/StarterContent/Content/StarterContent/Textures/T_Bush_N.uasset" to "../../../../../Unreal Projects/DigiDashers/DigiDashers/Content/StarterContent/Textures/T_Bush_N.uasset"
[2018.09.04-00.00.05:991][  0]LogPackFactory: Copied "../../../Samples/StarterContent/Content/StarterContent/Textures/T_Ceramic_Tile_M.uasset" to "../../../../../Unreal Projects/DigiDashers/DigiDashers/Content/StarterContent/Textures/T_Ceramic_Tile_M.uasset"
[2018.09.04-00.00.05:997][  0]LogPackFactory: Copied "../../../Samples/StarterContent/Content/StarterContent/Textures/T_Ceramic_Tile_N.uasset" to "../../../../../Unreal Projects/DigiDashers/DigiDashers/Content/StarterContent/Textures/T_Ceramic_Tile_N.uasset"
[2018.09.04-00.00.06:003][  0]LogPackFactory: Copied "../../../Samples/StarterContent/Content/StarterContent/Textures/T_Chair_M.uasset" to "../../../../../Unreal Projects/DigiDashers/DigiDashers/Content/StarterContent/Textures/T_Chair_M.uasset"
[2018.09.04-00.00.06:012][  0]LogPackFactory: Copied "../../../Samples/StarterContent/Content/StarterContent/Textures/T_Chair_N.uasset" to "../../../../../Unreal Projects/DigiDashers/DigiDashers/Content/StarterContent/Textures/T_Chair_N.uasset"
[2018.09.04-00.00.06:018][  0]LogPackFactory: Copied "../../../Samples/StarterContent/Content/StarterContent/Textures/T_Checker_Noise_M.uasset" to "../../../../../Unreal Projects/DigiDashers/DigiDashers/Content/StarterContent/Textures/T_Checker_Noise_M.uasset"
[2018.09.04-00.00.06:029][  0]LogPackFactory: Copied "../../../Samples/StarterContent/Content/StarterContent/Textures/T_CobbleStone_Pebble_D.uasset" to "../../../../../Unreal Projects/DigiDashers/DigiDashers/Content/StarterContent/Textures/T_CobbleStone_Pebble_D.uasset"
[2018.09.04-00.00.06:036][  0]LogPackFactory: Copied "../../../Samples/StarterContent/Content/StarterContent/Textures/T_CobbleStone_Pebble_M.uasset" to "../../../../../Unreal Projects/DigiDashers/DigiDashers/Content/StarterContent/Textures/T_CobbleStone_Pebble_M.uasset"
[2018.09.04-00.00.06:048][  0]LogPackFactory: Copied "../../../Samples/StarterContent/Content/StarterContent/Textures/T_CobbleStone_Pebble_N.uasset" to "../../../../../Unreal Projects/DigiDashers/DigiDashers/Content/StarterContent/Textures/T_CobbleStone_Pebble_N.uasset"
[2018.09.04-00.00.06:054][  0]LogPackFactory: Copied "../../../Samples/StarterContent/Content/StarterContent/Textures/T_CobbleStone_Rough_D.uasset" to "../../../../../Unreal Projects/DigiDashers/DigiDashers/Content/StarterContent/Textures/T_CobbleStone_Rough_D.uasset"
[2018.09.04-00.00.06:062][  0]LogPackFactory: Copied "../../../Samples/StarterContent/Content/StarterContent/Textures/T_CobbleStone_Rough_N.uasset" to "../../../../../Unreal Projects/DigiDashers/DigiDashers/Content/StarterContent/Textures/T_CobbleStone_Rough_N.uasset"
[2018.09.04-00.00.06:085][  0]LogPackFactory: Copied "../../../Samples/StarterContent/Content/StarterContent/Textures/T_CobbleStone_Smooth_D.uasset" to "../../../../../Unreal Projects/DigiDashers/DigiDashers/Content/StarterContent/Textures/T_CobbleStone_Smooth_D.uasset"
[2018.09.04-00.00.06:093][  0]LogPackFactory: Copied "../../../Samples/StarterContent/Content/StarterContent/Textures/T_CobbleStone_Smooth_M.uasset" to "../../../../../Unreal Projects/DigiDashers/DigiDashers/Content/StarterContent/Textures/T_CobbleStone_Smooth_M.uasset"
[2018.09.04-00.00.06:103][  0]LogPackFactory: Copied "../../../Samples/StarterContent/Content/StarterContent/Textures/T_CobbleStone_Smooth_N.uasset" to "../../../../../Unreal Projects/DigiDashers/DigiDashers/Content/StarterContent/Textures/T_CobbleStone_Smooth_N.uasset"
[2018.09.04-00.00.06:114][  0]LogPackFactory: Copied "../../../Samples/StarterContent/Content/StarterContent/Textures/T_Concrete_Grime_D.uasset" to "../../../../../Unreal Projects/DigiDashers/DigiDashers/Content/StarterContent/Textures/T_Concrete_Grime_D.uasset"
[2018.09.04-00.00.06:124][  0]LogPackFactory: Copied "../../../Samples/StarterContent/Content/StarterContent/Textures/T_Concrete_Panels_D.uasset" to "../../../../../Unreal Projects/DigiDashers/DigiDashers/Content/StarterContent/Textures/T_Concrete_Panels_D.uasset"
[2018.09.04-00.00.06:132][  0]LogPackFactory: Copied "../../../Samples/StarterContent/Content/StarterContent/Textures/T_Concrete_Panels_N.uasset" to "../../../../../Unreal Projects/DigiDashers/DigiDashers/Content/StarterContent/Textures/T_Concrete_Panels_N.uasset"
[2018.09.04-00.00.06:142][  0]LogPackFactory: Copied "../../../Samples/StarterContent/Content/StarterContent/Textures/T_Concrete_Poured_D.uasset" to "../../../../../Unreal Projects/DigiDashers/DigiDashers/Content/StarterContent/Textures/T_Concrete_Poured_D.uasset"
[2018.09.04-00.00.06:151][  0]LogPackFactory: Copied "../../../Samples/StarterContent/Content/StarterContent/Textures/T_Concrete_Poured_N.uasset" to "../../../../../Unreal Projects/DigiDashers/DigiDashers/Content/StarterContent/Textures/T_Concrete_Poured_N.uasset"
[2018.09.04-00.00.06:160][  0]LogPackFactory: Copied "../../../Samples/StarterContent/Content/StarterContent/Textures/T_Concrete_Tiles_D.uasset" to "../../../../../Unreal Projects/DigiDashers/DigiDashers/Content/StarterContent/Textures/T_Concrete_Tiles_D.uasset"
[2018.09.04-00.00.06:167][  0]LogPackFactory: Copied "../../../Samples/StarterContent/Content/StarterContent/Textures/T_Concrete_Tiles_M.uasset" to "../../../../../Unreal Projects/DigiDashers/DigiDashers/Content/StarterContent/Textures/T_Concrete_Tiles_M.uasset"
[2018.09.04-00.00.06:176][  0]LogPackFactory: Copied "../../../Samples/StarterContent/Content/StarterContent/Textures/T_Concrete_Tiles_N.uasset" to "../../../../../Unreal Projects/DigiDashers/DigiDashers/Content/StarterContent/Textures/T_Concrete_Tiles_N.uasset"
[2018.09.04-00.00.06:181][  0]LogPackFactory: Copied "../../../Samples/StarterContent/Content/StarterContent/Textures/T_Concrete_Tiles_Variation_M.uasset" to "../../../../../Unreal Projects/DigiDashers/DigiDashers/Content/StarterContent/Textures/T_Concrete_Tiles_Variation_M.uasset"
[2018.09.04-00.00.06:189][  0]LogPackFactory: Copied "../../../Samples/StarterContent/Content/StarterContent/Textures/T_Detail_Rocky_N.uasset" to "../../../../../Unreal Projects/DigiDashers/DigiDashers/Content/StarterContent/Textures/T_Detail_Rocky_N.uasset"
[2018.09.04-00.00.06:195][  0]LogPackFactory: Copied "../../../Samples/StarterContent/Content/StarterContent/Textures/T_Door_M.uasset" to "../../../../../Unreal Projects/DigiDashers/DigiDashers/Content/StarterContent/Textures/T_Door_M.uasset"
[2018.09.04-00.00.06:202][  0]LogPackFactory: Copied "../../../Samples/StarterContent/Content/StarterContent/Textures/T_Door_N.uasset" to "../../../../../Unreal Projects/DigiDashers/DigiDashers/Content/StarterContent/Textures/T_Door_N.uasset"
[2018.09.04-00.00.06:208][  0]LogPackFactory: Copied "../../../Samples/StarterContent/Content/StarterContent/Textures/T_Dust_Particle_D.uasset" to "../../../../../Unreal Projects/DigiDashers/DigiDashers/Content/StarterContent/Textures/T_Dust_Particle_D.uasset"
[2018.09.04-00.00.06:214][  0]LogPackFactory: Copied "../../../Samples/StarterContent/Content/StarterContent/Textures/T_Explosion_SubUV.uasset" to "../../../../../Unreal Projects/DigiDashers/DigiDashers/Content/StarterContent/Textures/T_Explosion_SubUV.uasset"
[2018.09.04-00.00.06:220][  0]LogPackFactory: Copied "../../../Samples/StarterContent/Content/StarterContent/Textures/T_Fire_SubUV.uasset" to "../../../../../Unreal Projects/DigiDashers/DigiDashers/Content/StarterContent/Textures/T_Fire_SubUV.uasset"
[2018.09.04-00.00.06:225][  0]LogPackFactory: Copied "../../../Samples/StarterContent/Content/StarterContent/Textures/T_Fire_Tiled_D.uasset" to "../../../../../Unreal Projects/DigiDashers/DigiDashers/Content/StarterContent/Textures/T_Fire_Tiled_D.uasset"
[2018.09.04-00.00.06:231][  0]LogPackFactory: Copied "../../../Samples/StarterContent/Content/StarterContent/Textures/T_Frame_M.uasset" to "../../../../../Unreal Projects/DigiDashers/DigiDashers/Content/StarterContent/Textures/T_Frame_M.uasset"
[2018.09.04-00.00.06:238][  0]LogPackFactory: Copied "../../../Samples/StarterContent/Content/StarterContent/Textures/T_Frame_N.uasset" to "../../../../../Unreal Projects/DigiDashers/DigiDashers/Content/StarterContent/Textures/T_Frame_N.uasset"
[2018.09.04-00.00.06:242][  0]LogPackFactory: Copied "../../../Samples/StarterContent/Content/StarterContent/Textures/T_Gradinet_01.uasset" to "../../../../../Unreal Projects/DigiDashers/DigiDashers/Content/StarterContent/Textures/T_Gradinet_01.uasset"
[2018.09.04-00.00.06:252][  0]LogPackFactory: Copied "../../../Samples/StarterContent/Content/StarterContent/Textures/T_Ground_Grass_D.uasset" to "../../../../../Unreal Projects/DigiDashers/DigiDashers/Content/StarterContent/Textures/T_Ground_Grass_D.uasset"
[2018.09.04-00.00.06:262][  0]LogPackFactory: Copied "../../../Samples/StarterContent/Content/StarterContent/Textures/T_Ground_Grass_N.uasset" to "../../../../../Unreal Projects/DigiDashers/DigiDashers/Content/StarterContent/Textures/T_Ground_Grass_N.uasset"
[2018.09.04-00.00.06:272][  0]LogPackFactory: Copied "../../../Samples/StarterContent/Content/StarterContent/Textures/T_Ground_Gravel_D.uasset" to "../../../../../Unreal Projects/DigiDashers/DigiDashers/Content/StarterContent/Textures/T_Ground_Gravel_D.uasset"
[2018.09.04-00.00.06:281][  0]LogPackFactory: Copied "../../../Samples/StarterContent/Content/StarterContent/Textures/T_Ground_Gravel_N.uasset" to "../../../../../Unreal Projects/DigiDashers/DigiDashers/Content/StarterContent/Textures/T_Ground_Gravel_N.uasset"
[2018.09.04-00.00.06:297][  0]LogPackFactory: Copied "../../../Samples/StarterContent/Content/StarterContent/Textures/T_ground_Moss_D.uasset" to "../../../../../Unreal Projects/DigiDashers/DigiDashers/Content/StarterContent/Textures/T_ground_Moss_D.uasset"
[2018.09.04-00.00.06:307][  0]LogPackFactory: Copied "../../../Samples/StarterContent/Content/StarterContent/Textures/T_Ground_Moss_N.uasset" to "../../../../../Unreal Projects/DigiDashers/DigiDashers/Content/StarterContent/Textures/T_Ground_Moss_N.uasset"
[2018.09.04-00.00.06:314][  0]LogPackFactory: Copied "../../../Samples/StarterContent/Content/StarterContent/Textures/T_Lamp_M.uasset" to "../../../../../Unreal Projects/DigiDashers/DigiDashers/Content/StarterContent/Textures/T_Lamp_M.uasset"
[2018.09.04-00.00.06:320][  0]LogPackFactory: Copied "../../../Samples/StarterContent/Content/StarterContent/Textures/T_Lamp_N.uasset" to "../../../../../Unreal Projects/DigiDashers/DigiDashers/Content/StarterContent/Textures/T_Lamp_N.uasset"
[2018.09.04-00.00.06:330][  0]LogPackFactory: Copied "../../../Samples/StarterContent/Content/StarterContent/Textures/T_MacroVariation.uasset" to "../../../../../Unreal Projects/DigiDashers/DigiDashers/Content/StarterContent/Textures/T_MacroVariation.uasset"
[2018.09.04-00.00.06:340][  0]LogPackFactory: Copied "../../../Samples/StarterContent/Content/StarterContent/Textures/T_Metal_Aluminum_D.uasset" to "../../../../../Unreal Projects/DigiDashers/DigiDashers/Content/StarterContent/Textures/T_Metal_Aluminum_D.uasset"
[2018.09.04-00.00.06:349][  0]LogPackFactory: Copied "../../../Samples/StarterContent/Content/StarterContent/Textures/T_Metal_Copper_D.uasset" to "../../../../../Unreal Projects/DigiDashers/DigiDashers/Content/StarterContent/Textures/T_Metal_Copper_D.uasset"
[2018.09.04-00.00.06:359][  0]LogPackFactory: Copied "../../../Samples/StarterContent/Content/StarterContent/Textures/T_Metal_Gold_D.uasset" to "../../../../../Unreal Projects/DigiDashers/DigiDashers/Content/StarterContent/Textures/T_Metal_Gold_D.uasset"
[2018.09.04-00.00.06:367][  0]LogPackFactory: Copied "../../../Samples/StarterContent/Content/StarterContent/Textures/T_Metal_Gold_N.uasset" to "../../../../../Unreal Projects/DigiDashers/DigiDashers/Content/StarterContent/Textures/T_Metal_Gold_N.uasset"
[2018.09.04-00.00.06:377][  0]LogPackFactory: Copied "../../../Samples/StarterContent/Content/StarterContent/Textures/T_Metal_Rust_D.uasset" to "../../../../../Unreal Projects/DigiDashers/DigiDashers/Content/StarterContent/Textures/T_Metal_Rust_D.uasset"
[2018.09.04-00.00.06:387][  0]LogPackFactory: Copied "../../../Samples/StarterContent/Content/StarterContent/Textures/T_Metal_Rust_N.uasset" to "../../../../../Unreal Projects/DigiDashers/DigiDashers/Content/StarterContent/Textures/T_Metal_Rust_N.uasset"
[2018.09.04-00.00.06:394][  0]LogPackFactory: Copied "../../../Samples/StarterContent/Content/StarterContent/Textures/T_Metal_Steel_D.uasset" to "../../../../../Unreal Projects/DigiDashers/DigiDashers/Content/StarterContent/Textures/T_Metal_Steel_D.uasset"
[2018.09.04-00.00.06:402][  0]LogPackFactory: Copied "../../../Samples/StarterContent/Content/StarterContent/Textures/T_Metal_Steel_N.uasset" to "../../../../../Unreal Projects/DigiDashers/DigiDashers/Content/StarterContent/Textures/T_Metal_Steel_N.uasset"
[2018.09.04-00.00.06:411][  0]LogPackFactory: Copied "../../../Samples/StarterContent/Content/StarterContent/Textures/T_Perlin_Noise_M.uasset" to "../../../../../Unreal Projects/DigiDashers/DigiDashers/Content/StarterContent/Textures/T_Perlin_Noise_M.uasset"
[2018.09.04-00.00.06:418][  0]LogPackFactory: Copied "../../../Samples/StarterContent/Content/StarterContent/Textures/T_RockMesh_M.uasset" to "../../../../../Unreal Projects/DigiDashers/DigiDashers/Content/StarterContent/Textures/T_RockMesh_M.uasset"
[2018.09.04-00.00.06:425][  0]LogPackFactory: Copied "../../../Samples/StarterContent/Content/StarterContent/Textures/T_RockMesh_N.uasset" to "../../../../../Unreal Projects/DigiDashers/DigiDashers/Content/StarterContent/Textures/T_RockMesh_N.uasset"
[2018.09.04-00.00.06:435][  0]LogPackFactory: Copied "../../../Samples/StarterContent/Content/StarterContent/Textures/T_Rock_Basalt_D.uasset" to "../../../../../Unreal Projects/DigiDashers/DigiDashers/Content/StarterContent/Textures/T_Rock_Basalt_D.uasset"
[2018.09.04-00.00.06:445][  0]LogPackFactory: Copied "../../../Samples/StarterContent/Content/StarterContent/Textures/T_Rock_Basalt_N.uasset" to "../../../../../Unreal Projects/DigiDashers/DigiDashers/Content/StarterContent/Textures/T_Rock_Basalt_N.uasset"
[2018.09.04-00.00.06:453][  0]LogPackFactory: Copied "../../../Samples/StarterContent/Content/StarterContent/Textures/T_Rock_Marble_Polished_D.uasset" to "../../../../../Unreal Projects/DigiDashers/DigiDashers/Content/StarterContent/Textures/T_Rock_Marble_Polished_D.uasset"
[2018.09.04-00.00.06:462][  0]LogPackFactory: Copied "../../../Samples/StarterContent/Content/StarterContent/Textures/T_Rock_Sandstone_D.uasset" to "../../../../../Unreal Projects/DigiDashers/DigiDashers/Content/StarterContent/Textures/T_Rock_Sandstone_D.uasset"
[2018.09.04-00.00.06:472][  0]LogPackFactory: Copied "../../../Samples/StarterContent/Content/StarterContent/Textures/T_Rock_Sandstone_N.uasset" to "../../../../../Unreal Projects/DigiDashers/DigiDashers/Content/StarterContent/Textures/T_Rock_Sandstone_N.uasset"
[2018.09.04-00.00.06:485][  0]LogPackFactory: Copied "../../../Samples/StarterContent/Content/StarterContent/Textures/T_Rock_Slate_D.uasset" to "../../../../../Unreal Projects/DigiDashers/DigiDashers/Content/StarterContent/Textures/T_Rock_Slate_D.uasset"
[2018.09.04-00.00.06:495][  0]LogPackFactory: Copied "../../../Samples/StarterContent/Content/StarterContent/Textures/T_Rock_Slate_N.uasset" to "../../../../../Unreal Projects/DigiDashers/DigiDashers/Content/StarterContent/Textures/T_Rock_Slate_N.uasset"
[2018.09.04-00.00.06:504][  0]LogPackFactory: Copied "../../../Samples/StarterContent/Content/StarterContent/Textures/T_Rock_Smooth_Granite_D.uasset" to "../../../../../Unreal Projects/DigiDashers/DigiDashers/Content/StarterContent/Textures/T_Rock_Smooth_Granite_D.uasset"
[2018.09.04-00.00.06:510][  0]LogPackFactory: Copied "../../../Samples/StarterContent/Content/StarterContent/Textures/T_Shelf_M.uasset" to "../../../../../Unreal Projects/DigiDashers/DigiDashers/Content/StarterContent/Textures/T_Shelf_M.uasset"
[2018.09.04-00.00.06:517][  0]LogPackFactory: Copied "../../../Samples/StarterContent/Content/StarterContent/Textures/T_Shelf_N.uasset" to "../../../../../Unreal Projects/DigiDashers/DigiDashers/Content/StarterContent/Textures/T_Shelf_N.uasset"
[2018.09.04-00.00.06:521][  0]LogPackFactory: Copied "../../../Samples/StarterContent/Content/StarterContent/Textures/T_Single_Tile_N.uasset" to "../../../../../Unreal Projects/DigiDashers/DigiDashers/Content/StarterContent/Textures/T_Single_Tile_N.uasset"
[2018.09.04-00.00.06:529][  0]LogPackFactory: Copied "../../../Samples/StarterContent/Content/StarterContent/Textures/T_Smoke_SubUV.uasset" to "../../../../../Unreal Projects/DigiDashers/DigiDashers/Content/StarterContent/Textures/T_Smoke_SubUV.uasset"
[2018.09.04-00.00.06:535][  0]LogPackFactory: Copied "../../../Samples/StarterContent/Content/StarterContent/Textures/T_Smoke_Tiled_D.uasset" to "../../../../../Unreal Projects/DigiDashers/DigiDashers/Content/StarterContent/Textures/T_Smoke_Tiled_D.uasset"
[2018.09.04-00.00.06:542][  0]LogPackFactory: Copied "../../../Samples/StarterContent/Content/StarterContent/Textures/T_Spark_Core.uasset" to "../../../../../Unreal Projects/DigiDashers/DigiDashers/Content/StarterContent/Textures/T_Spark_Core.uasset"
[2018.09.04-00.00.06:548][  0]LogPackFactory: Copied "../../../Samples/StarterContent/Content/StarterContent/Textures/T_Statue_M.uasset" to "../../../../../Unreal Projects/DigiDashers/DigiDashers/Content/StarterContent/Textures/T_Statue_M.uasset"
[2018.09.04-00.00.06:552][  0]LogPackFactory: Copied "../../../Samples/StarterContent/Content/StarterContent/Textures/T_Statue_N.uasset" to "../../../../../Unreal Projects/DigiDashers/DigiDashers/Content/StarterContent/Textures/T_Statue_N.uasset"
[2018.09.04-00.00.06:569][  0]LogPackFactory: Copied "../../../Samples/StarterContent/Content/StarterContent/Textures/T_TableRound_M.uasset" to "../../../../../Unreal Projects/DigiDashers/DigiDashers/Content/StarterContent/Textures/T_TableRound_M.uasset"
[2018.09.04-00.00.06:577][  0]LogPackFactory: Copied "../../../Samples/StarterContent/Content/StarterContent/Textures/T_TableRound_N.uasset" to "../../../../../Unreal Projects/DigiDashers/DigiDashers/Content/StarterContent/Textures/T_TableRound_N.uasset"
[2018.09.04-00.00.06:583][  0]LogPackFactory: Copied "../../../Samples/StarterContent/Content/StarterContent/Textures/T_Tech_Dot_M.uasset" to "../../../../../Unreal Projects/DigiDashers/DigiDashers/Content/StarterContent/Textures/T_Tech_Dot_M.uasset"
[2018.09.04-00.00.06:609][  0]LogPackFactory: Copied "../../../Samples/StarterContent/Content/StarterContent/Textures/T_Tech_Dot_N.uasset" to "../../../../../Unreal Projects/DigiDashers/DigiDashers/Content/StarterContent/Textures/T_Tech_Dot_N.uasset"
[2018.09.04-00.00.06:616][  0]LogPackFactory: Copied "../../../Samples/StarterContent/Content/StarterContent/Textures/T_Tech_Hex_Tile_M.uasset" to "../../../../../Unreal Projects/DigiDashers/DigiDashers/Content/StarterContent/Textures/T_Tech_Hex_Tile_M.uasset"
[2018.09.04-00.00.06:627][  0]LogPackFactory: Copied "../../../Samples/StarterContent/Content/StarterContent/Textures/T_Tech_Hex_Tile_N.uasset" to "../../../../../Unreal Projects/DigiDashers/DigiDashers/Content/StarterContent/Textures/T_Tech_Hex_Tile_N.uasset"
[2018.09.04-00.00.06:635][  0]LogPackFactory: Copied "../../../Samples/StarterContent/Content/StarterContent/Textures/T_Tech_Panel_M.uasset" to "../../../../../Unreal Projects/DigiDashers/DigiDashers/Content/StarterContent/Textures/T_Tech_Panel_M.uasset"
[2018.09.04-00.00.06:642][  0]LogPackFactory: Copied "../../../Samples/StarterContent/Content/StarterContent/Textures/T_Tech_Panel_N.uasset" to "../../../../../Unreal Projects/DigiDashers/DigiDashers/Content/StarterContent/Textures/T_Tech_Panel_N.uasset"
[2018.09.04-00.00.06:648][  0]LogPackFactory: Copied "../../../Samples/StarterContent/Content/StarterContent/Textures/T_Water_M.uasset" to "../../../../../Unreal Projects/DigiDashers/DigiDashers/Content/StarterContent/Textures/T_Water_M.uasset"
[2018.09.04-00.00.06:658][  0]LogPackFactory: Copied "../../../Samples/StarterContent/Content/StarterContent/Textures/T_Water_N.uasset" to "../../../../../Unreal Projects/DigiDashers/DigiDashers/Content/StarterContent/Textures/T_Water_N.uasset"
[2018.09.04-00.00.06:665][  0]LogPackFactory: Copied "../../../Samples/StarterContent/Content/StarterContent/Textures/T_Wood_Floor_Walnut_D.uasset" to "../../../../../Unreal Projects/DigiDashers/DigiDashers/Content/StarterContent/Textures/T_Wood_Floor_Walnut_D.uasset"
[2018.09.04-00.00.06:672][  0]LogPackFactory: Copied "../../../Samples/StarterContent/Content/StarterContent/Textures/T_Wood_Floor_Walnut_M.uasset" to "../../../../../Unreal Projects/DigiDashers/DigiDashers/Content/StarterContent/Textures/T_Wood_Floor_Walnut_M.uasset"
[2018.09.04-00.00.06:681][  0]LogPackFactory: Copied "../../../Samples/StarterContent/Content/StarterContent/Textures/T_Wood_Floor_Walnut_N.uasset" to "../../../../../Unreal Projects/DigiDashers/DigiDashers/Content/StarterContent/Textures/T_Wood_Floor_Walnut_N.uasset"
[2018.09.04-00.00.06:689][  0]LogPackFactory: Copied "../../../Samples/StarterContent/Content/StarterContent/Textures/T_Wood_Oak_D.uasset" to "../../../../../Unreal Projects/DigiDashers/DigiDashers/Content/StarterContent/Textures/T_Wood_Oak_D.uasset"
[2018.09.04-00.00.06:698][  0]LogPackFactory: Copied "../../../Samples/StarterContent/Content/StarterContent/Textures/T_Wood_Oak_N.uasset" to "../../../../../Unreal Projects/DigiDashers/DigiDashers/Content/StarterContent/Textures/T_Wood_Oak_N.uasset"
[2018.09.04-00.00.06:734][  0]LogPackFactory: Copied "../../../Samples/StarterContent/Content/StarterContent/Textures/T_Wood_Pine_D.uasset" to "../../../../../Unreal Projects/DigiDashers/DigiDashers/Content/StarterContent/Textures/T_Wood_Pine_D.uasset"
[2018.09.04-00.00.06:741][  0]LogPackFactory: Copied "../../../Samples/StarterContent/Content/StarterContent/Textures/T_Wood_Pine_N.uasset" to "../../../../../Unreal Projects/DigiDashers/DigiDashers/Content/StarterContent/Textures/T_Wood_Pine_N.uasset"
[2018.09.04-00.00.06:749][  0]LogPackFactory: Copied "../../../Samples/StarterContent/Content/StarterContent/Textures/T_Wood_Walnut_D.uasset" to "../../../../../Unreal Projects/DigiDashers/DigiDashers/Content/StarterContent/Textures/T_Wood_Walnut_D.uasset"
[2018.09.04-00.00.06:757][  0]LogPackFactory: Copied "../../../Samples/StarterContent/Content/StarterContent/Textures/T_Wood_Walnut_N.uasset" to "../../../../../Unreal Projects/DigiDashers/DigiDashers/Content/StarterContent/Textures/T_Wood_Walnut_N.uasset"
[2018.09.04-00.00.06:794][  0]LogRenderer: Reallocating scene render targets to support 256x256 Format 26 NumSamples 1 (Frame:1).
[2018.09.04-00.00.06:836][  0]LogSavePackage: Moving '../../../../../Unreal Projects/DigiDashers/DigiDashers/Saved/Floor_400x400BB4F1301406C6DD6C06FA6B4C5F65A09.tmp' to '../../../../../Unreal Projects/DigiDashers/DigiDashers/Content/StarterContent/Architecture/Floor_400x400.uasset'
[2018.09.04-00.00.06:840][  0]LogFeaturePack: Warning: Inserted 1 feature packs
[2018.09.04-00.00.06:843][  0]Cmd: MAP LOAD FILE="../../../../../Unreal Projects/DigiDashers/DigiDashers/Content/VirtualRealityBP/Maps/StartupMap.umap" TEMPLATE=0 SHOWPROGRESS=1 FEATURELEVEL=3
[2018.09.04-00.00.06:844][  0]LightingResults: New page: Lighting Build
[2018.09.04-00.00.06:847][  0]MapCheck: New page: Map Check
[2018.09.04-00.00.06:847][  0]LightingResults: New page: Lighting Build
[2018.09.04-00.00.06:928][  0]LogAIModule: Creating AISystem for world StartupMap
[2018.09.04-00.00.06:933][  0]LogEditorServer: Finished looking for orphan Actors (0.000 secs)
[2018.09.04-00.00.06:950][  0]Cmd: MAP CHECKDEP NOCLEARLOG
[2018.09.04-00.00.06:981][  0]MapCheck: Map check complete: 0 Error(s), 0 Warning(s), took 31,065ms to complete.
[2018.09.04-00.00.06:981][  0]LogFileHelpers: Loading map 'StartupMap' took 0.137
[2018.09.04-00.00.07:077][  0]LogSlate: Updating window title bar state: overlay mode, drag disabled, window buttons hidden, title bar hidden
[2018.09.04-00.00.07:082][  0]LogSlate: Updating window title bar state: overlay mode, drag disabled, window buttons hidden, title bar hidden
[2018.09.04-00.00.07:087][  0]LogSlate: Updating window title bar state: overlay mode, drag disabled, window buttons hidden, title bar hidden
[2018.09.04-00.00.07:092][  0]LogSlate: Updating window title bar state: overlay mode, drag disabled, window buttons hidden, title bar hidden
[2018.09.04-00.00.07:098][  0]LogCollectionManager: Loaded 0 collections in 0.001704 seconds
[2018.09.04-00.00.07:369][  0]LogFileCache: Scanning file cache for directory 'G:/Unreal Projects/DigiDashers/DigiDashers/Saved/Collections/' took 0.01s
[2018.09.04-00.00.07:369][  0]LogFileCache: Scanning file cache for directory 'G:/Unreal Projects/DigiDashers/DigiDashers/Content/Developers/Hjalti/Collections/' took 0.01s
[2018.09.04-00.00.07:369][  0]LogFileCache: Scanning file cache for directory 'G:/Unreal Projects/DigiDashers/DigiDashers/Content/Collections/' took 0.01s
[2018.09.04-00.00.07:369][  0]LogCollectionManager: Rebuilt the GUID cache for 0 collections in 0.000000 seconds
[2018.09.04-00.00.07:376][  0]LogContentBrowser: Native class hierarchy populated in 0.0067 seconds. Added 2572 classes and 603 folders.
[2018.09.04-00.00.07:382][  0]LogContentBrowser: Native class hierarchy updated for 'WidgetCarousel' in 0.0002 seconds. Added 0 classes and 0 folders.
[2018.09.04-00.00.07:442][  0]LogContentBrowser: Native class hierarchy updated for 'AddContentDialog' in 0.0002 seconds. Added 0 classes and 0 folders.
[2018.09.04-00.00.07:447][  0]LogContentBrowser: Native class hierarchy updated for 'SceneOutliner' in 0.0002 seconds. Added 1 classes and 2 folders.
[2018.09.04-00.00.07:457][  0]LogSlate: Took 0.000150 seconds to synchronously load lazily loaded font '../../../Engine/Content/Slate/Fonts/Roboto-Regular.ttf' (155K)
[2018.09.04-00.00.07:459][  0]LogSlate: Took 0.000132 seconds to synchronously load lazily loaded font '../../../Engine/Content/Slate/Fonts/Roboto-Bold.ttf' (160K)
[2018.09.04-00.00.07:462][  0]LogSlate: Took 0.000190 seconds to synchronously load lazily loaded font '../../../Engine/Content/Editor/Slate/Fonts/FontAwesome.ttf' (139K)
[2018.09.04-00.00.07:502][  0]LogRenderer: Reallocating scene render targets to support 1208x576 Format 26 NumSamples 1 (Frame:1).
[2018.09.04-00.00.07:534][  0]LogSlate: Took 0.000149 seconds to synchronously load lazily loaded font '../../../Engine/Content/Slate/Fonts/Roboto-Light.ttf' (167K)
[2018.09.04-00.00.07:617][  0]LogContentBrowser: Native class hierarchy updated for 'HierarchicalLODOutliner' in 0.0002 seconds. Added 0 classes and 0 folders.
[2018.09.04-00.00.07:617][  0]LogLoad: (Engine Initialization) Total time: 10.80 seconds
[2018.09.04-00.00.07:617][  0]LogLoad: (Engine Initialization) Total Blueprint compile time: 0.00 seconds
[2018.09.04-00.00.07:627][  0]LogWindowsTextInputMethodSystem: Display: IME system now deactivated.
[2018.09.04-00.00.07:684][  0]LogAssetRegistry: Asset discovery search completed in 6.3580 seconds
[2018.09.04-00.00.07:685][  0]LogCollectionManager: Rebuilt the object cache for 0 collections in 0.000000 seconds (found 0 objects)
[2018.09.04-00.00.07:685][  0]LogCollectionManager: Fixed up redirectors for 0 collections in 0.000039 seconds (updated 0 objects)
[2018.09.04-00.00.07:970][  0]LogContentStreaming: Texture pool size now 1000 MB
[2018.09.04-00.00.08:911][105]LogSlate: FSceneViewport::OnFocusLost() reason 2
[2018.09.04-00.00.09:534][179]LogSlate: FSceneViewport::OnFocusLost() reason 2
[2018.09.04-00.00.14:964][751]LogSlate: Window 'Source Control Login' being destroyed
[2018.09.04-00.00.55:208][423]LogSlate: FSceneViewport::OnFocusLost() reason 2
